2020-01-31 14:18:57.254 o.a.s.v.ConfigValidation main [WARN] task.heartbeat.frequency.secs is a deprecated config please see class org.apache.storm.Config.TASK_HEARTBEAT_FREQUENCY_SECS for more information.
2020-01-31 14:18:57.287 o.a.s.d.w.LogConfigManager main [INFO] Started with log levels: {=INFO, STDERR=INFO, STDOUT=INFO, org.apache.storm.metric.LoggingMetricsConsumer=INFO}
2020-01-31 14:18:57.294 o.a.s.d.w.Worker main [INFO] Launching worker for WordCountTopo-13-1580480329 on c02f139c-f46b-4e14-b5bc-de142d17b2e5-172.18.0.3:6700 with id 4741aef7-1427-4f96-952d-d5112b4f4c6e and conf {storm.messaging.netty.min_wait_ms=100, topology.backpressure.wait.strategy=org.apache.storm.policy.WaitStrategyProgressive, storm.resource.isolation.plugin=org.apache.storm.container.cgroup.CgroupManager, storm.zookeeper.auth.user=null, storm.messaging.netty.buffer_size=5242880, storm.exhibitor.port=8080, topology.bolt.wait.progressive.level1.count=1, pacemaker.auth.method=NONE, ui.filter=null, worker.profiler.enabled=false, executor.metrics.frequency.secs=60, supervisor.thrift.threads=16, ui.http.creds.plugin=org.apache.storm.security.auth.DefaultHttpCredentialsPlugin, supervisor.supervisors.commands=[], supervisor.queue.size=128, logviewer.cleanup.age.mins=10080, topology.tuple.serializer=org.apache.storm.serialization.types.ListDelegateSerializer, storm.cgroup.memory.enforcement.enable=false, drpc.port=3772, topology.max.spout.pending=null, topology.transfer.buffer.size=1000, nimbus.worker.heartbeats.recovery.strategy.class=org.apache.storm.nimbus.TimeOutWorkerHeartbeatsRecoveryStrategy, worker.metrics={CGroupMemory=org.apache.storm.metric.cgroup.CGroupMemoryUsage, CGroupMemoryLimit=org.apache.storm.metric.cgroup.CGroupMemoryLimit, CGroupCpu=org.apache.storm.metric.cgroup.CGroupCpu, CGroupCpuGuarantee=org.apache.storm.metric.cgroup.CGroupCpuGuarantee}, logviewer.port=8000, worker.childopts=-Xmx%HEAP-MEM%m -XX:+PrintGCDetails -Xloggc:artifacts/gc.log -XX:+PrintGCDateStamps -XX:+PrintGCTimeStamps -XX:+UseGCLogFileRotation -XX:NumberOfGCLogFiles=10 -XX:GCLogFileSize=1M -XX:+HeapDumpOnOutOfMemoryError -XX:HeapDumpPath=artifacts/heapdump, topology.component.cpu.pcore.percent=10.0, storm.daemon.metrics.reporter.plugins=[org.apache.storm.daemon.metrics.reporters.JmxPreparableReporter], blacklist.scheduler.resume.time.secs=1800, drpc.childopts=-Xmx768m, nimbus.task.launch.secs=120, logviewer.childopts=-Xmx128m, storm.supervisor.hard.memory.limit.overage.mb=2024, storm.zookeeper.servers=[zookeeper], storm.messaging.transport=org.apache.storm.messaging.netty.Context, storm.messaging.netty.authentication=false, topology.localityaware.higher.bound=0.8, storm.cgroup.memory.limit.tolerance.margin.mb=0.0, storm.cgroup.hierarchy.name=storm, storm.metricprocessor.class=org.apache.storm.metricstore.NimbusMetricProcessor, topology.kryo.factory=org.apache.storm.serialization.DefaultKryoFactory, nimbus.assignments.service.threads=10, worker.heap.memory.mb=768, storm.network.topography.plugin=org.apache.storm.networktopography.DefaultRackDNSToSwitchMapping, supervisor.slots.ports=[6700, 6701, 6702, 6703], topology.stats.sample.rate=0.05, storm.local.dir=/data, topology.backpressure.wait.park.microsec=100, topology.ras.constraint.max.state.search=10000, topology.testing.always.try.serialize=false, nimbus.assignments.service.thread.queue.size=100, storm.principal.tolocal=org.apache.storm.security.auth.DefaultPrincipalToLocal, java.library.path=/usr/local/lib:/opt/local/lib:/usr/lib:/usr/lib64, nimbus.local.assignments.backend.class=org.apache.storm.assignments.InMemoryAssignmentBackend, worker.gc.childopts=, storm.group.mapping.service.cache.duration.secs=120, topology.multilang.serializer=org.apache.storm.multilang.JsonSerializer, drpc.request.timeout.secs=600, nimbus.blobstore.class=org.apache.storm.blobstore.LocalFsBlobStore, topology.state.synchronization.timeout.secs=60, topology.bolt.wait.progressive.level2.count=1000, topology.worker.shared.thread.pool.size=4, topology.executor.receive.buffer.size=32768, pacemaker.servers=[], supervisor.monitor.frequency.secs=3, storm.nimbus.retry.times=5, topology.transfer.batch.size=1, transactional.zookeeper.port=null, storm.auth.simple-white-list.users=[], topology.scheduler.strategy=org.apache.storm.scheduler.resource.strategies.scheduling.DefaultResourceAwareStrategy, storm.zookeeper.port=2181, storm.zookeeper.retry.intervalceiling.millis=30000, storm.cluster.state.store=org.apache.storm.cluster.ZKStateStorageFactory, nimbus.thrift.port=6627, blacklist.scheduler.tolerance.count=3, nimbus.thrift.threads=64, supervisor.supervisors=[], nimbus.seeds=[nimbus], storm.cluster.metrics.consumer.publish.interval.secs=60, logviewer.filter.params=null, topology.min.replication.count=1, nimbus.blobstore.expiration.secs=600, storm.group.mapping.service=org.apache.storm.security.auth.ShellBasedGroupsMapping, storm.nimbus.retry.interval.millis=2000, topology.max.task.parallelism=null, topology.backpressure.wait.progressive.level2.count=1000, drpc.https.keystore.password=, resource.aware.scheduler.constraint.max.state.search=100000, supervisor.heartbeat.frequency.secs=5, nimbus.credential.renewers.freq.secs=600, storm.supervisor.medium.memory.grace.period.ms=30000, storm.thrift.transport=org.apache.storm.security.auth.SimpleTransportPlugin, storm.cgroup.hierarchy.dir=/cgroup/storm_resources, storm.zookeeper.auth.password=null, ui.port=8080, drpc.authorizer.acl.strict=false, topology.message.timeout.secs=30, topology.error.throttle.interval.secs=10, topology.backpressure.check.millis=50, drpc.https.keystore.type=JKS, supervisor.memory.capacity.mb=4096.0, storm.metricstore.class=org.apache.storm.metricstore.rocksdb.RocksDbStore, drpc.authorizer.acl.filename=drpc-auth-acl.yaml, topology.builtin.metrics.bucket.size.secs=60, topology.spout.wait.park.microsec=100, storm.local.mode.zmq=false, pacemaker.client.max.threads=2, ui.header.buffer.bytes=4096, topology.shellbolt.max.pending=100, topology.serialized.message.size.metrics=false, drpc.max_buffer_size=1048576, drpc.disable.http.binding=true, storm.codedistributor.class=org.apache.storm.codedistributor.LocalFileSystemCodeDistributor, worker.profiler.childopts=-XX:+UnlockCommercialFeatures -XX:+FlightRecorder, nimbus.supervisor.timeout.secs=60, storm.supervisor.cgroup.rootdir=storm, topology.worker.max.heap.size.mb=768.0, storm.zookeeper.root=/storm, topology.disable.loadaware.messaging=false, storm.supervisor.hard.memory.limit.multiplier=2.0, nimbus.topology.validator=org.apache.storm.nimbus.DefaultTopologyValidator, worker.heartbeat.frequency.secs=1, storm.messaging.netty.max_wait_ms=1000, topology.backpressure.wait.progressive.level1.count=1, topology.max.error.report.per.interval=5, nimbus.thrift.max_buffer_size=1048576, storm.metricstore.rocksdb.location=storm_rocks, storm.supervisor.low.memory.threshold.mb=1024, pacemaker.max.threads=50, ui.pagination=20, ui.disable.http.binding=true, supervisor.blobstore.download.max_retries=3, topology.enable.message.timeouts=true, logviewer.disable.http.binding=true, storm.messaging.netty.transfer.batch.size=262144, topology.spout.wait.progressive.level2.count=0, blacklist.scheduler.strategy=org.apache.storm.scheduler.blacklist.strategies.DefaultBlacklistStrategy, storm.metricstore.rocksdb.retention_hours=240, supervisor.run.worker.as.user=false, storm.messaging.netty.client_worker_threads=1, topology.tasks=null, supervisor.thrift.socket.timeout.ms=5000, storm.group.mapping.service.params=null, drpc.http.port=3774, transactional.zookeeper.root=/transactional, supervisor.blobstore.download.thread.count=5, logviewer.filter=null, pacemaker.kerberos.users=[], topology.spout.wait.strategy=org.apache.storm.policy.WaitStrategyProgressive, storm.blobstore.inputstream.buffer.size.bytes=65536, supervisor.worker.heartbeats.max.timeout.secs=600, supervisor.worker.timeout.secs=30, topology.worker.receiver.thread.count=1, logviewer.max.sum.worker.logs.size.mb=4096, topology.executor.overflow.limit=0, topology.batch.flush.interval.millis=1, nimbus.file.copy.expiration.secs=600, pacemaker.port=6699, topology.worker.logwriter.childopts=-Xmx64m, drpc.http.creds.plugin=org.apache.storm.security.auth.DefaultHttpCredentialsPlugin, nimbus.topology.blobstore.deletion.delay.ms=300000, storm.blobstore.acl.validation.enabled=false, ui.filter.params=null, topology.workers=1, blacklist.scheduler.tolerance.time.secs=300, storm.supervisor.medium.memory.threshold.mb=1536, topology.environment=null, drpc.invocations.port=3773, storm.metricstore.rocksdb.create_if_missing=true, nimbus.cleanup.inbox.freq.secs=600, client.blobstore.class=org.apache.storm.blobstore.NimbusBlobStore, topology.fall.back.on.java.serialization=true, storm.nimbus.retry.intervalceiling.millis=60000, storm.nimbus.zookeeper.acls.fixup=true, logviewer.appender.name=A1, ui.users=null, pacemaker.childopts=-Xmx1024m, storm.messaging.netty.server_worker_threads=1, scheduler.display.resource=false, ui.actions.enabled=true, storm.thrift.socket.timeout.ms=600000, storm.topology.classpath.beginning.enabled=false, storm.zookeeper.connection.timeout=15000, topology.tick.tuple.freq.secs=null, nimbus.inbox.jar.expiration.secs=3600, topology.debug=false, storm.zookeeper.retry.interval=1000, storm.messaging.netty.buffer.high.watermark=16777216, storm.blobstore.dependency.jar.upload.chunk.size.bytes=1048576, worker.log.level.reset.poll.secs=30, storm.exhibitor.poll.uripath=/exhibitor/v1/cluster/list, storm.zookeeper.retry.times=5, nimbus.code.sync.freq.secs=120, topology.component.resources.offheap.memory.mb=0.0, topology.spout.wait.progressive.level1.count=0, topology.state.checkpoint.interval.ms=1000, topology.priority=29, supervisor.localizer.cleanup.interval.ms=30000, storm.health.check.dir=healthchecks, supervisor.cpu.capacity=400.0, topology.backpressure.wait.progressive.level3.sleep.millis=1, storm.cgroup.resources=[cpu, memory], storm.worker.min.cpu.pcore.percent=0.0, topology.classpath=null, storm.nimbus.zookeeper.acls.check=true, num.stat.buckets=20, topology.spout.wait.progressive.level3.sleep.millis=1, supervisor.localizer.cache.target.size.mb=10240, topology.worker.childopts=null, drpc.https.port=-1, topology.bolt.wait.park.microsec=100, topology.max.replication.wait.time.sec=60, storm.cgroup.cgexec.cmd=/bin/cgexec, topology.acker.executors=null, topology.bolt.wait.progressive.level3.sleep.millis=1, supervisor.worker.start.timeout.secs=120, supervisor.worker.shutdown.sleep.secs=3, logviewer.max.per.worker.logs.size.mb=2048, topology.trident.batch.emit.interval.millis=500, task.heartbeat.frequency.secs=3, supervisor.enable=true, supervisor.thrift.max_buffer_size=1048576, supervisor.blobstore.class=org.apache.storm.blobstore.NimbusBlobStore, topology.producer.batch.size=1, drpc.worker.threads=64, resource.aware.scheduler.priority.strategy=org.apache.storm.scheduler.resource.strategies.priority.DefaultSchedulingPriorityStrategy, blacklist.scheduler.reporter=org.apache.storm.scheduler.blacklist.reporters.LogReporter, storm.messaging.netty.socket.backlog=500, storm.cgroup.inherit.cpuset.configs=false, nimbus.queue.size=100000, drpc.queue.size=128, ui.disable.spout.lag.monitoring=true, topology.eventlogger.executors=0, pacemaker.base.threads=10, nimbus.childopts=-Xmx1024m, storm.log.dir=/logs, topology.spout.recvq.skips=3, storm.resource.isolation.plugin.enable=false, nimbus.monitor.freq.secs=10, storm.supervisor.memory.limit.tolerance.margin.mb=128.0, storm.disable.symlinks=false, topology.localityaware.lower.bound=0.2, transactional.zookeeper.servers=null, nimbus.task.timeout.secs=30, logs.users=null, pacemaker.thrift.message.size.max=10485760, ui.host=0.0.0.0, supervisor.thrift.port=6628, topology.bolt.wait.strategy=org.apache.storm.policy.WaitStrategyProgressive, pacemaker.thread.timeout=10, storm.meta.serialization.delegate=org.apache.storm.serialization.GzipThriftSerializationDelegate, dev.zookeeper.path=/tmp/dev-storm-zookeeper, topology.skip.missing.kryo.registrations=false, drpc.invocations.threads=64, storm.zookeeper.session.timeout=20000, storm.metricstore.rocksdb.metadata_string_cache_capacity=4000, storm.workers.artifacts.dir=workers-artifacts, topology.component.resources.onheap.memory.mb=128.0, storm.log4j2.conf.dir=log4j2, storm.cluster.mode=distributed, ui.childopts=-Xmx768m, task.refresh.poll.secs=10, supervisor.childopts=-Xmx256m, task.credentials.poll.secs=30, storm.health.check.timeout.ms=5000, storm.blobstore.replication.factor=3, worker.profiler.command=flight.bash, storm.messaging.netty.buffer.low.watermark=8388608}
2020-01-31 14:18:57.296 o.a.s.s.u.o.l.s.c.SysOutOverSLF4JInitialiser main [WARN] Your logging framework class org.apache.logging.slf4j.Log4jLogger is not known - if it needs access to the standard println methods on the console you will need to register it by calling registerLoggingSystemPackage
2020-01-31 14:18:57.347 o.a.s.s.u.o.l.s.c.SysOutOverSLF4J main [INFO] Replaced standard System.out and System.err PrintStreams with SLF4JPrintStreams
2020-01-31 14:18:57.348 o.a.s.s.u.o.l.s.c.SysOutOverSLF4J main [INFO] Redirected System.out and System.err to SLF4J for this context
2020-01-31 14:18:57.389 o.a.s.s.o.a.c.u.Compatibility main [INFO] Running in ZooKeeper 3.4.x compatibility mode
2020-01-31 14:18:57.390 o.a.s.s.o.a.c.u.Compatibility main [INFO] Using emulated InjectSessionExpiration
2020-01-31 14:18:57.454 o.a.s.z.ClientZookeeper main [INFO] Starting ZK Curator
2020-01-31 14:18:57.454 o.a.s.s.o.a.c.f.i.CuratorFrameworkImpl main [INFO] Starting
2020-01-31 14:18:57.457 o.a.s.s.o.a.z.ZooKeeper main [INFO] Client environment:zookeeper.version=3.4.14-4c25d480e66aadd371de8bd2fd8da255ac140bcf, built on 03/06/2019 16:18 GMT
2020-01-31 14:18:57.457 o.a.s.s.o.a.z.ZooKeeper main [INFO] Client environment:host.name=f20e785eb19e
2020-01-31 14:18:57.457 o.a.s.s.o.a.z.ZooKeeper main [INFO] Client environment:java.version=1.8.0_242
2020-01-31 14:18:57.457 o.a.s.s.o.a.z.ZooKeeper main [INFO] Client environment:java.vendor=Oracle Corporation
2020-01-31 14:18:57.457 o.a.s.s.o.a.z.ZooKeeper main [INFO] Client environment:java.home=/usr/local/openjdk-8
2020-01-31 14:18:57.457 o.a.s.s.o.a.z.ZooKeeper main [INFO] Client environment:java.class.path=/apache-storm-2.1.0/lib-worker/asm-5.0.3.jar:/apache-storm-2.1.0/lib-worker/storm-shaded-deps-2.1.0.jar:/apache-storm-2.1.0/lib-worker/metrics-graphite-3.2.6.jar:/apache-storm-2.1.0/lib-worker/slf4j-api-1.7.26.jar:/apache-storm-2.1.0/lib-worker/minlog-1.3.0.jar:/apache-storm-2.1.0/lib-worker/log4j-over-slf4j-1.7.26.jar:/apache-storm-2.1.0/lib-worker/log4j-slf4j-impl-2.11.2.jar:/apache-storm-2.1.0/lib-worker/log4j-api-2.11.2.jar:/apache-storm-2.1.0/lib-worker/log4j-core-2.11.2.jar:/apache-storm-2.1.0/lib-worker/storm-client-2.1.0.jar:/apache-storm-2.1.0/lib-worker/metrics-core-3.2.6.jar:/apache-storm-2.1.0/lib-worker/reflectasm-1.10.1.jar:/apache-storm-2.1.0/lib-worker/jaxb-api-2.3.0.jar:/apache-storm-2.1.0/lib-worker/javax.annotation-api-1.3.2.jar:/apache-storm-2.1.0/lib-worker/kryo-3.0.3.jar:/apache-storm-2.1.0/lib-worker/objenesis-2.1.jar:/apache-storm-2.1.0/extlib/*:/conf:/data/supervisor/stormdist/WordCountTopo-13-1580480329/stormjar.jar
2020-01-31 14:18:57.458 o.a.s.s.o.a.z.ZooKeeper main [INFO] Client environment:java.library.path=/data/supervisor/stormdist/WordCountTopo-13-1580480329/resources/Linux-amd64:/data/supervisor/stormdist/WordCountTopo-13-1580480329/resources:/usr/local/lib:/opt/local/lib:/usr/lib:/usr/lib64
2020-01-31 14:18:57.458 o.a.s.s.o.a.z.ZooKeeper main [INFO] Client environment:java.io.tmpdir=/data/workers/4741aef7-1427-4f96-952d-d5112b4f4c6e/tmp
2020-01-31 14:18:57.458 o.a.s.s.o.a.z.ZooKeeper main [INFO] Client environment:java.compiler=<NA>
2020-01-31 14:18:57.458 o.a.s.s.o.a.z.ZooKeeper main [INFO] Client environment:os.name=Linux
2020-01-31 14:18:57.458 o.a.s.s.o.a.z.ZooKeeper main [INFO] Client environment:os.arch=amd64
2020-01-31 14:18:57.458 o.a.s.s.o.a.z.ZooKeeper main [INFO] Client environment:os.version=5.3.0-28-generic
2020-01-31 14:18:57.458 o.a.s.s.o.a.z.ZooKeeper main [INFO] Client environment:user.name=storm
2020-01-31 14:18:57.458 o.a.s.s.o.a.z.ZooKeeper main [INFO] Client environment:user.home=/home/storm
2020-01-31 14:18:57.458 o.a.s.s.o.a.z.ZooKeeper main [INFO] Client environment:user.dir=/data/workers/4741aef7-1427-4f96-952d-d5112b4f4c6e
2020-01-31 14:18:57.459 o.a.s.s.o.a.z.ZooKeeper main [INFO] Initiating client connection, connectString=zookeeper:2181 sessionTimeout=20000 watcher=org.apache.storm.shade.org.apache.curator.ConnectionState@2474f125
2020-01-31 14:18:57.468 o.a.s.s.o.a.c.f.i.CuratorFrameworkImpl main [INFO] Default schema
2020-01-31 14:18:57.471 o.a.s.s.o.a.z.ClientCnxn main-SendThread(zookeeper:2181) [INFO] Opening socket connection to server zookeeper/172.18.0.6:2181. Will not attempt to authenticate using SASL (unknown error)
2020-01-31 14:18:57.476 o.a.s.s.o.a.z.ClientCnxn main-SendThread(zookeeper:2181) [INFO] Socket connection established to zookeeper/172.18.0.6:2181, initiating session
2020-01-31 14:18:57.481 o.a.s.s.o.a.z.ClientCnxn main-SendThread(zookeeper:2181) [INFO] Session establishment complete on server zookeeper/172.18.0.6:2181, sessionid = 0x10000003a520036, negotiated timeout = 20000
2020-01-31 14:18:57.485 o.a.s.s.o.a.c.f.s.ConnectionStateManager main-EventThread [INFO] State change: CONNECTED
2020-01-31 14:18:57.554 o.a.s.s.o.a.c.f.i.CuratorFrameworkImpl Curator-Framework-0 [INFO] backgroundOperationsLoop exiting
2020-01-31 14:18:57.557 o.a.s.s.o.a.z.ZooKeeper main [INFO] Session: 0x10000003a520036 closed
2020-01-31 14:18:57.557 o.a.s.s.o.a.z.ClientCnxn main-EventThread [INFO] EventThread shut down for session: 0x10000003a520036
2020-01-31 14:18:57.558 o.a.s.z.ClientZookeeper main [INFO] Starting ZK Curator
2020-01-31 14:18:57.558 o.a.s.s.o.a.c.f.i.CuratorFrameworkImpl main [INFO] Starting
2020-01-31 14:18:57.558 o.a.s.s.o.a.z.ZooKeeper main [INFO] Initiating client connection, connectString=zookeeper:2181/storm sessionTimeout=20000 watcher=org.apache.storm.shade.org.apache.curator.ConnectionState@3e6104fc
2020-01-31 14:18:57.559 o.a.s.s.o.a.c.f.i.CuratorFrameworkImpl main [INFO] Default schema
2020-01-31 14:18:57.559 o.a.s.s.o.a.z.ClientCnxn main-SendThread(zookeeper:2181) [INFO] Opening socket connection to server zookeeper/172.18.0.6:2181. Will not attempt to authenticate using SASL (unknown error)
2020-01-31 14:18:57.559 o.a.s.s.o.a.z.ClientCnxn main-SendThread(zookeeper:2181) [INFO] Socket connection established to zookeeper/172.18.0.6:2181, initiating session
2020-01-31 14:18:57.560 o.a.s.s.o.a.z.ClientCnxn main-SendThread(zookeeper:2181) [INFO] Session establishment complete on server zookeeper/172.18.0.6:2181, sessionid = 0x10000003a520037, negotiated timeout = 20000
2020-01-31 14:18:57.561 o.a.s.s.o.a.c.f.s.ConnectionStateManager main-EventThread [INFO] State change: CONNECTED
2020-01-31 14:18:57.570 o.a.s.m.StormMetricRegistry main [INFO] Starting metrics reporters...
2020-01-31 14:18:57.573 o.a.s.s.a.ClientAuthUtils main [INFO] Got AutoCreds []
2020-01-31 14:18:57.580 o.a.s.d.w.WorkerState main [INFO] Reading assignments
2020-01-31 14:18:57.656 o.a.s.m.TransportFactory main [INFO] Storm peer transport plugin:org.apache.storm.messaging.netty.Context
2020-01-31 14:18:57.785 o.a.s.d.w.WorkerState main [INFO] Registering IConnectionCallbacks for c02f139c-f46b-4e14-b5bc-de142d17b2e5-172.18.0.3:6700
2020-01-31 14:18:57.866 o.a.s.m.n.Server main [INFO] Create Netty Server Netty-server-localhost-6700, buffer_size: 5242880, maxWorkers: 1
2020-01-31 14:18:58.061 o.a.s.v.ConfigValidation main [WARN] task.heartbeat.frequency.secs is a deprecated config please see class org.apache.storm.Config.TASK_HEARTBEAT_FREQUENCY_SECS for more information.
2020-01-31 14:18:58.086 o.a.s.v.ConfigValidation main [WARN] task.heartbeat.frequency.secs is a deprecated config please see class org.apache.storm.Config.TASK_HEARTBEAT_FREQUENCY_SECS for more information.
2020-01-31 14:18:58.161 o.a.s.v.ConfigValidation main [WARN] task.heartbeat.frequency.secs is a deprecated config please see class org.apache.storm.Config.TASK_HEARTBEAT_FREQUENCY_SECS for more information.
2020-01-31 14:18:58.171 o.a.s.v.ConfigValidation main [WARN] task.heartbeat.frequency.secs is a deprecated config please see class org.apache.storm.Config.TASK_HEARTBEAT_FREQUENCY_SECS for more information.
2020-01-31 14:18:58.248 o.a.s.v.ConfigValidation main [WARN] task.heartbeat.frequency.secs is a deprecated config please see class org.apache.storm.Config.TASK_HEARTBEAT_FREQUENCY_SECS for more information.
2020-01-31 14:18:58.263 o.a.s.v.ConfigValidation main [WARN] task.heartbeat.frequency.secs is a deprecated config please see class org.apache.storm.Config.TASK_HEARTBEAT_FREQUENCY_SECS for more information.
2020-01-31 14:18:58.274 o.a.s.v.ConfigValidation main [WARN] task.heartbeat.frequency.secs is a deprecated config please see class org.apache.storm.Config.TASK_HEARTBEAT_FREQUENCY_SECS for more information.
2020-01-31 14:18:58.284 o.a.s.v.ConfigValidation main [WARN] task.heartbeat.frequency.secs is a deprecated config please see class org.apache.storm.Config.TASK_HEARTBEAT_FREQUENCY_SECS for more information.
2020-01-31 14:18:58.350 o.a.s.v.ConfigValidation main [WARN] task.heartbeat.frequency.secs is a deprecated config please see class org.apache.storm.Config.TASK_HEARTBEAT_FREQUENCY_SECS for more information.
2020-01-31 14:18:58.368 o.a.s.v.ConfigValidation main [WARN] task.heartbeat.frequency.secs is a deprecated config please see class org.apache.storm.Config.TASK_HEARTBEAT_FREQUENCY_SECS for more information.
2020-01-31 14:18:58.378 o.a.s.v.ConfigValidation main [WARN] task.heartbeat.frequency.secs is a deprecated config please see class org.apache.storm.Config.TASK_HEARTBEAT_FREQUENCY_SECS for more information.
2020-01-31 14:18:58.445 o.a.s.v.ConfigValidation main [WARN] task.heartbeat.frequency.secs is a deprecated config please see class org.apache.storm.Config.TASK_HEARTBEAT_FREQUENCY_SECS for more information.
2020-01-31 14:18:58.458 o.a.s.v.ConfigValidation main [WARN] task.heartbeat.frequency.secs is a deprecated config please see class org.apache.storm.Config.TASK_HEARTBEAT_FREQUENCY_SECS for more information.
2020-01-31 14:18:58.468 o.a.s.v.ConfigValidation main [WARN] task.heartbeat.frequency.secs is a deprecated config please see class org.apache.storm.Config.TASK_HEARTBEAT_FREQUENCY_SECS for more information.
2020-01-31 14:18:58.477 o.a.s.v.ConfigValidation main [WARN] task.heartbeat.frequency.secs is a deprecated config please see class org.apache.storm.Config.TASK_HEARTBEAT_FREQUENCY_SECS for more information.
2020-01-31 14:18:58.556 o.a.s.v.ConfigValidation main [WARN] task.heartbeat.frequency.secs is a deprecated config please see class org.apache.storm.Config.TASK_HEARTBEAT_FREQUENCY_SECS for more information.
2020-01-31 14:18:58.566 o.a.s.v.ConfigValidation main [WARN] task.heartbeat.frequency.secs is a deprecated config please see class org.apache.storm.Config.TASK_HEARTBEAT_FREQUENCY_SECS for more information.
2020-01-31 14:18:58.574 o.a.s.v.ConfigValidation main [WARN] task.heartbeat.frequency.secs is a deprecated config please see class org.apache.storm.Config.TASK_HEARTBEAT_FREQUENCY_SECS for more information.
2020-01-31 14:18:58.581 o.a.s.d.w.WorkerState refresh-active-timer [INFO] All connections are ready for worker c02f139c-f46b-4e14-b5bc-de142d17b2e5-172.18.0.3:6700 with id 4741aef7-1427-4f96-952d-d5112b4f4c6e
2020-01-31 14:18:58.583 o.a.s.v.ConfigValidation main [WARN] task.heartbeat.frequency.secs is a deprecated config please see class org.apache.storm.Config.TASK_HEARTBEAT_FREQUENCY_SECS for more information.
2020-01-31 14:18:58.655 o.a.s.v.ConfigValidation main [WARN] task.heartbeat.frequency.secs is a deprecated config please see class org.apache.storm.Config.TASK_HEARTBEAT_FREQUENCY_SECS for more information.
2020-01-31 14:18:58.664 o.a.s.v.ConfigValidation main [WARN] task.heartbeat.frequency.secs is a deprecated config please see class org.apache.storm.Config.TASK_HEARTBEAT_FREQUENCY_SECS for more information.
2020-01-31 14:18:58.671 o.a.s.v.ConfigValidation main [WARN] task.heartbeat.frequency.secs is a deprecated config please see class org.apache.storm.Config.TASK_HEARTBEAT_FREQUENCY_SECS for more information.
2020-01-31 14:18:58.748 o.a.s.v.ConfigValidation main [WARN] task.heartbeat.frequency.secs is a deprecated config please see class org.apache.storm.Config.TASK_HEARTBEAT_FREQUENCY_SECS for more information.
2020-01-31 14:18:58.765 o.a.s.v.ConfigValidation main [WARN] task.heartbeat.frequency.secs is a deprecated config please see class org.apache.storm.Config.TASK_HEARTBEAT_FREQUENCY_SECS for more information.
2020-01-31 14:18:58.775 o.a.s.v.ConfigValidation main [WARN] task.heartbeat.frequency.secs is a deprecated config please see class org.apache.storm.Config.TASK_HEARTBEAT_FREQUENCY_SECS for more information.
2020-01-31 14:18:58.783 o.a.s.v.ConfigValidation main [WARN] task.heartbeat.frequency.secs is a deprecated config please see class org.apache.storm.Config.TASK_HEARTBEAT_FREQUENCY_SECS for more information.
2020-01-31 14:18:58.851 o.a.s.v.ConfigValidation main [WARN] task.heartbeat.frequency.secs is a deprecated config please see class org.apache.storm.Config.TASK_HEARTBEAT_FREQUENCY_SECS for more information.
2020-01-31 14:18:58.862 o.a.s.v.ConfigValidation main [WARN] task.heartbeat.frequency.secs is a deprecated config please see class org.apache.storm.Config.TASK_HEARTBEAT_FREQUENCY_SECS for more information.
2020-01-31 14:18:58.869 o.a.s.v.ConfigValidation main [WARN] task.heartbeat.frequency.secs is a deprecated config please see class org.apache.storm.Config.TASK_HEARTBEAT_FREQUENCY_SECS for more information.
2020-01-31 14:18:58.876 o.a.s.v.ConfigValidation main [WARN] task.heartbeat.frequency.secs is a deprecated config please see class org.apache.storm.Config.TASK_HEARTBEAT_FREQUENCY_SECS for more information.
2020-01-31 14:18:58.945 o.a.s.v.ConfigValidation main [WARN] task.heartbeat.frequency.secs is a deprecated config please see class org.apache.storm.Config.TASK_HEARTBEAT_FREQUENCY_SECS for more information.
2020-01-31 14:18:58.956 o.a.s.v.ConfigValidation main [WARN] task.heartbeat.frequency.secs is a deprecated config please see class org.apache.storm.Config.TASK_HEARTBEAT_FREQUENCY_SECS for more information.
2020-01-31 14:18:58.964 o.a.s.v.ConfigValidation main [WARN] task.heartbeat.frequency.secs is a deprecated config please see class org.apache.storm.Config.TASK_HEARTBEAT_FREQUENCY_SECS for more information.
2020-01-31 14:18:58.971 o.a.s.v.ConfigValidation main [WARN] task.heartbeat.frequency.secs is a deprecated config please see class org.apache.storm.Config.TASK_HEARTBEAT_FREQUENCY_SECS for more information.
2020-01-31 14:18:58.978 o.a.s.v.ConfigValidation main [WARN] task.heartbeat.frequency.secs is a deprecated config please see class org.apache.storm.Config.TASK_HEARTBEAT_FREQUENCY_SECS for more information.
2020-01-31 14:18:58.986 o.a.s.v.ConfigValidation main [WARN] task.heartbeat.frequency.secs is a deprecated config please see class org.apache.storm.Config.TASK_HEARTBEAT_FREQUENCY_SECS for more information.
2020-01-31 14:18:59.055 o.a.s.v.ConfigValidation main [WARN] task.heartbeat.frequency.secs is a deprecated config please see class org.apache.storm.Config.TASK_HEARTBEAT_FREQUENCY_SECS for more information.
2020-01-31 14:18:59.062 o.a.s.v.ConfigValidation main [WARN] task.heartbeat.frequency.secs is a deprecated config please see class org.apache.storm.Config.TASK_HEARTBEAT_FREQUENCY_SECS for more information.
2020-01-31 14:18:59.070 o.a.s.v.ConfigValidation main [WARN] task.heartbeat.frequency.secs is a deprecated config please see class org.apache.storm.Config.TASK_HEARTBEAT_FREQUENCY_SECS for more information.
2020-01-31 14:18:59.076 o.a.s.v.ConfigValidation main [WARN] task.heartbeat.frequency.secs is a deprecated config please see class org.apache.storm.Config.TASK_HEARTBEAT_FREQUENCY_SECS for more information.
2020-01-31 14:18:59.083 o.a.s.v.ConfigValidation main [WARN] task.heartbeat.frequency.secs is a deprecated config please see class org.apache.storm.Config.TASK_HEARTBEAT_FREQUENCY_SECS for more information.
2020-01-31 14:18:59.145 o.a.s.v.ConfigValidation main [WARN] task.heartbeat.frequency.secs is a deprecated config please see class org.apache.storm.Config.TASK_HEARTBEAT_FREQUENCY_SECS for more information.
2020-01-31 14:18:59.156 o.a.s.v.ConfigValidation main [WARN] task.heartbeat.frequency.secs is a deprecated config please see class org.apache.storm.Config.TASK_HEARTBEAT_FREQUENCY_SECS for more information.
2020-01-31 14:18:59.163 o.a.s.v.ConfigValidation main [WARN] task.heartbeat.frequency.secs is a deprecated config please see class org.apache.storm.Config.TASK_HEARTBEAT_FREQUENCY_SECS for more information.
2020-01-31 14:18:59.170 o.a.s.v.ConfigValidation main [WARN] task.heartbeat.frequency.secs is a deprecated config please see class org.apache.storm.Config.TASK_HEARTBEAT_FREQUENCY_SECS for more information.
2020-01-31 14:18:59.177 o.a.s.v.ConfigValidation main [WARN] task.heartbeat.frequency.secs is a deprecated config please see class org.apache.storm.Config.TASK_HEARTBEAT_FREQUENCY_SECS for more information.
2020-01-31 14:18:59.245 o.a.s.v.ConfigValidation main [WARN] task.heartbeat.frequency.secs is a deprecated config please see class org.apache.storm.Config.TASK_HEARTBEAT_FREQUENCY_SECS for more information.
2020-01-31 14:18:59.257 o.a.s.v.ConfigValidation main [WARN] task.heartbeat.frequency.secs is a deprecated config please see class org.apache.storm.Config.TASK_HEARTBEAT_FREQUENCY_SECS for more information.
2020-01-31 14:18:59.265 o.a.s.v.ConfigValidation main [WARN] task.heartbeat.frequency.secs is a deprecated config please see class org.apache.storm.Config.TASK_HEARTBEAT_FREQUENCY_SECS for more information.
2020-01-31 14:18:59.272 o.a.s.v.ConfigValidation main [WARN] task.heartbeat.frequency.secs is a deprecated config please see class org.apache.storm.Config.TASK_HEARTBEAT_FREQUENCY_SECS for more information.
2020-01-31 14:18:59.278 o.a.s.v.ConfigValidation main [WARN] task.heartbeat.frequency.secs is a deprecated config please see class org.apache.storm.Config.TASK_HEARTBEAT_FREQUENCY_SECS for more information.
2020-01-31 14:18:59.285 o.a.s.v.ConfigValidation main [WARN] task.heartbeat.frequency.secs is a deprecated config please see class org.apache.storm.Config.TASK_HEARTBEAT_FREQUENCY_SECS for more information.
2020-01-31 14:18:59.346 o.a.s.v.ConfigValidation main [WARN] task.heartbeat.frequency.secs is a deprecated config please see class org.apache.storm.Config.TASK_HEARTBEAT_FREQUENCY_SECS for more information.
2020-01-31 14:18:59.362 o.a.s.v.ConfigValidation main [WARN] task.heartbeat.frequency.secs is a deprecated config please see class org.apache.storm.Config.TASK_HEARTBEAT_FREQUENCY_SECS for more information.
2020-01-31 14:18:59.370 o.a.s.v.ConfigValidation main [WARN] task.heartbeat.frequency.secs is a deprecated config please see class org.apache.storm.Config.TASK_HEARTBEAT_FREQUENCY_SECS for more information.
2020-01-31 14:18:59.377 o.a.s.v.ConfigValidation main [WARN] task.heartbeat.frequency.secs is a deprecated config please see class org.apache.storm.Config.TASK_HEARTBEAT_FREQUENCY_SECS for more information.
2020-01-31 14:18:59.384 o.a.s.v.ConfigValidation main [WARN] task.heartbeat.frequency.secs is a deprecated config please see class org.apache.storm.Config.TASK_HEARTBEAT_FREQUENCY_SECS for more information.
2020-01-31 14:18:59.444 o.a.s.v.ConfigValidation main [WARN] task.heartbeat.frequency.secs is a deprecated config please see class org.apache.storm.Config.TASK_HEARTBEAT_FREQUENCY_SECS for more information.
2020-01-31 14:18:59.455 o.a.s.v.ConfigValidation main [WARN] task.heartbeat.frequency.secs is a deprecated config please see class org.apache.storm.Config.TASK_HEARTBEAT_FREQUENCY_SECS for more information.
2020-01-31 14:18:59.462 o.a.s.v.ConfigValidation main [WARN] task.heartbeat.frequency.secs is a deprecated config please see class org.apache.storm.Config.TASK_HEARTBEAT_FREQUENCY_SECS for more information.
2020-01-31 14:18:59.468 o.a.s.v.ConfigValidation main [WARN] task.heartbeat.frequency.secs is a deprecated config please see class org.apache.storm.Config.TASK_HEARTBEAT_FREQUENCY_SECS for more information.
2020-01-31 14:18:59.474 o.a.s.v.ConfigValidation main [WARN] task.heartbeat.frequency.secs is a deprecated config please see class org.apache.storm.Config.TASK_HEARTBEAT_FREQUENCY_SECS for more information.
2020-01-31 14:18:59.481 o.a.s.v.ConfigValidation main [WARN] task.heartbeat.frequency.secs is a deprecated config please see class org.apache.storm.Config.TASK_HEARTBEAT_FREQUENCY_SECS for more information.
2020-01-31 14:18:59.487 o.a.s.v.ConfigValidation main [WARN] task.heartbeat.frequency.secs is a deprecated config please see class org.apache.storm.Config.TASK_HEARTBEAT_FREQUENCY_SECS for more information.
2020-01-31 14:18:59.554 o.a.s.v.ConfigValidation main [WARN] task.heartbeat.frequency.secs is a deprecated config please see class org.apache.storm.Config.TASK_HEARTBEAT_FREQUENCY_SECS for more information.
2020-01-31 14:18:59.562 o.a.s.v.ConfigValidation main [WARN] task.heartbeat.frequency.secs is a deprecated config please see class org.apache.storm.Config.TASK_HEARTBEAT_FREQUENCY_SECS for more information.
2020-01-31 14:18:59.569 o.a.s.v.ConfigValidation main [WARN] task.heartbeat.frequency.secs is a deprecated config please see class org.apache.storm.Config.TASK_HEARTBEAT_FREQUENCY_SECS for more information.
2020-01-31 14:18:59.575 o.a.s.v.ConfigValidation main [WARN] task.heartbeat.frequency.secs is a deprecated config please see class org.apache.storm.Config.TASK_HEARTBEAT_FREQUENCY_SECS for more information.
2020-01-31 14:18:59.581 o.a.s.v.ConfigValidation main [WARN] task.heartbeat.frequency.secs is a deprecated config please see class org.apache.storm.Config.TASK_HEARTBEAT_FREQUENCY_SECS for more information.
2020-01-31 14:18:59.583 o.a.s.e.Executor main [INFO] Loading executor tasks counter:[26, 26]
2020-01-31 14:18:59.584 o.a.s.e.Executor main [INFO] Finished loading executor counter:[26, 26]
2020-01-31 14:18:59.584 o.a.s.e.Executor main [INFO] Loading executor tasks splitter:[42, 42]
2020-01-31 14:18:59.584 o.a.s.e.Executor main [INFO] Finished loading executor splitter:[42, 42]
2020-01-31 14:18:59.585 o.a.s.e.Executor main [INFO] Loading executor tasks splitter:[50, 50]
2020-01-31 14:18:59.585 o.a.s.e.Executor main [INFO] Finished loading executor splitter:[50, 50]
2020-01-31 14:18:59.585 o.a.s.e.Executor main [INFO] Loading executor tasks splitter:[54, 54]
2020-01-31 14:18:59.585 o.a.s.e.Executor main [INFO] Finished loading executor splitter:[54, 54]
2020-01-31 14:18:59.585 o.a.s.e.Executor main [INFO] Loading executor tasks splitter:[46, 46]
2020-01-31 14:18:59.585 o.a.s.e.Executor main [INFO] Finished loading executor splitter:[46, 46]
2020-01-31 14:18:59.585 o.a.s.e.Executor main [INFO] Loading executor tasks counter:[10, 10]
2020-01-31 14:18:59.585 o.a.s.e.Executor main [INFO] Finished loading executor counter:[10, 10]
2020-01-31 14:18:59.585 o.a.s.e.Executor main [INFO] Loading executor tasks __metrics_org.apache.storm.metric.LoggingMetricsConsumer:[2, 2]
2020-01-31 14:18:59.585 o.a.s.e.b.BoltExecutor Thread-16-splitter-executor[54, 54] [INFO] Preparing bolt splitter:[54]
2020-01-31 14:18:59.585 o.a.s.e.b.BoltExecutor Thread-15-splitter-executor[50, 50] [INFO] Preparing bolt splitter:[50]
2020-01-31 14:18:59.586 o.a.s.e.Executor main [INFO] Finished loading executor __metrics_org.apache.storm.metric.LoggingMetricsConsumer:[2, 2]
2020-01-31 14:18:59.585 o.a.s.e.b.BoltExecutor Thread-14-splitter-executor[42, 42] [INFO] Preparing bolt splitter:[42]
2020-01-31 14:18:59.585 o.a.s.e.b.BoltExecutor Thread-13-counter-executor[26, 26] [INFO] Preparing bolt counter:[26]
2020-01-31 14:18:59.586 o.a.s.e.Executor main [INFO] Loading executor tasks counter:[6, 6]
2020-01-31 14:18:59.586 o.a.s.e.b.BoltExecutor Thread-17-splitter-executor[46, 46] [INFO] Preparing bolt splitter:[46]
2020-01-31 14:18:59.586 o.a.s.e.b.BoltExecutor Thread-18-counter-executor[10, 10] [INFO] Preparing bolt counter:[10]
2020-01-31 14:18:59.586 o.a.s.e.Executor main [INFO] Finished loading executor counter:[6, 6]
2020-01-31 14:18:59.586 o.a.s.e.Executor main [INFO] Loading executor tasks splitter:[58, 58]
2020-01-31 14:18:59.586 o.a.s.e.Executor main [INFO] Finished loading executor splitter:[58, 58]
2020-01-31 14:18:59.586 o.a.s.e.Executor main [INFO] Loading executor tasks splitter:[66, 66]
2020-01-31 14:18:59.586 o.a.s.e.b.BoltExecutor Thread-20-counter-executor[6, 6] [INFO] Preparing bolt counter:[6]
2020-01-31 14:18:59.587 o.a.s.e.b.BoltExecutor Thread-21-splitter-executor[58, 58] [INFO] Preparing bolt splitter:[58]
2020-01-31 14:18:59.588 o.a.s.e.b.BoltExecutor Thread-16-splitter-executor[54, 54] [INFO] Prepared bolt splitter:[54]
2020-01-31 14:18:59.588 o.a.s.e.b.BoltExecutor Thread-21-splitter-executor[58, 58] [INFO] Prepared bolt splitter:[58]
2020-01-31 14:18:59.644 o.a.s.e.b.BoltExecutor Thread-15-splitter-executor[50, 50] [INFO] Prepared bolt splitter:[50]
2020-01-31 14:18:59.644 o.a.s.e.b.BoltExecutor Thread-20-counter-executor[6, 6] [INFO] Prepared bolt counter:[6]
2020-01-31 14:18:59.644 o.a.s.e.b.BoltExecutor Thread-18-counter-executor[10, 10] [INFO] Prepared bolt counter:[10]
2020-01-31 14:18:59.644 o.a.s.e.b.BoltExecutor Thread-13-counter-executor[26, 26] [INFO] Prepared bolt counter:[26]
2020-01-31 14:18:59.644 o.a.s.e.b.BoltExecutor Thread-17-splitter-executor[46, 46] [INFO] Prepared bolt splitter:[46]
2020-01-31 14:18:59.644 o.a.s.e.b.BoltExecutor Thread-14-splitter-executor[42, 42] [INFO] Prepared bolt splitter:[42]
2020-01-31 14:18:59.644 o.a.s.e.Executor main [INFO] Finished loading executor splitter:[66, 66]
2020-01-31 14:18:59.586 o.a.s.e.b.BoltExecutor Thread-19-__metrics_org.apache.storm.metric.LoggingMetricsConsumer-executor[2, 2] [INFO] Preparing bolt __metrics_org.apache.storm.metric.LoggingMetricsConsumer:[2]
2020-01-31 14:18:59.644 o.a.s.e.Executor main [INFO] Loading executor tasks splitter:[62, 62]
2020-01-31 14:18:59.644 o.a.s.e.b.BoltExecutor Thread-22-splitter-executor[66, 66] [INFO] Preparing bolt splitter:[66]
2020-01-31 14:18:59.644 o.a.s.e.b.BoltExecutor Thread-22-splitter-executor[66, 66] [INFO] Prepared bolt splitter:[66]
2020-01-31 14:18:59.645 o.a.s.e.Executor main [INFO] Finished loading executor splitter:[62, 62]
2020-01-31 14:18:59.645 o.a.s.e.Executor main [INFO] Loading executor tasks counter:[34, 34]
2020-01-31 14:18:59.645 o.a.s.e.b.BoltExecutor Thread-23-splitter-executor[62, 62] [INFO] Preparing bolt splitter:[62]
2020-01-31 14:18:59.646 o.a.s.e.b.BoltExecutor Thread-23-splitter-executor[62, 62] [INFO] Prepared bolt splitter:[62]
2020-01-31 14:18:59.649 o.a.s.e.b.BoltExecutor Thread-19-__metrics_org.apache.storm.metric.LoggingMetricsConsumer-executor[2, 2] [INFO] Prepared bolt __metrics_org.apache.storm.metric.LoggingMetricsConsumer:[2]
2020-01-31 14:18:59.650 o.a.s.e.Executor main [INFO] Finished loading executor counter:[34, 34]
2020-01-31 14:18:59.651 o.a.s.e.Executor main [INFO] Loading executor tasks counter:[30, 30]
2020-01-31 14:18:59.651 o.a.s.e.b.BoltExecutor Thread-25-counter-executor[34, 34] [INFO] Preparing bolt counter:[34]
2020-01-31 14:18:59.745 o.a.s.e.b.BoltExecutor Thread-25-counter-executor[34, 34] [INFO] Prepared bolt counter:[34]
2020-01-31 14:18:59.844 o.a.s.e.Executor main [INFO] Finished loading executor counter:[30, 30]
2020-01-31 14:18:59.844 o.a.s.e.Executor main [INFO] Loading executor tasks splitter:[38, 38]
2020-01-31 14:18:59.844 o.a.s.e.b.BoltExecutor Thread-26-counter-executor[30, 30] [INFO] Preparing bolt counter:[30]
2020-01-31 14:18:59.844 o.a.s.e.b.BoltExecutor Thread-26-counter-executor[30, 30] [INFO] Prepared bolt counter:[30]
2020-01-31 14:18:59.844 o.a.s.e.Executor main [INFO] Finished loading executor splitter:[38, 38]
2020-01-31 14:18:59.845 o.a.s.e.Executor main [INFO] Loading executor tasks counter:[18, 18]
2020-01-31 14:18:59.845 o.a.s.e.Executor main [INFO] Finished loading executor counter:[18, 18]
2020-01-31 14:18:59.845 o.a.s.e.Executor main [INFO] Loading executor tasks counter:[14, 14]
2020-01-31 14:18:59.845 o.a.s.e.b.BoltExecutor Thread-28-counter-executor[18, 18] [INFO] Preparing bolt counter:[18]
2020-01-31 14:18:59.846 o.a.s.e.b.BoltExecutor Thread-28-counter-executor[18, 18] [INFO] Prepared bolt counter:[18]
2020-01-31 14:18:59.943 o.a.s.e.Executor main [INFO] Finished loading executor counter:[14, 14]
2020-01-31 14:18:59.944 o.a.s.e.Executor main [INFO] Loading executor tasks counter:[22, 22]
2020-01-31 14:18:59.944 o.a.s.e.b.BoltExecutor Thread-27-splitter-executor[38, 38] [INFO] Preparing bolt splitter:[38]
2020-01-31 14:18:59.944 o.a.s.e.b.BoltExecutor Thread-27-splitter-executor[38, 38] [INFO] Prepared bolt splitter:[38]
2020-01-31 14:18:59.945 o.a.s.e.Executor main [INFO] Finished loading executor counter:[22, 22]
2020-01-31 14:18:59.945 o.a.s.e.Executor main [INFO] Loading executor tasks reporter:[35, 35]
2020-01-31 14:19:00.044 o.a.s.e.Executor main [INFO] Finished loading executor reporter:[35, 35]
2020-01-31 14:19:00.044 o.a.s.e.b.BoltExecutor Thread-29-counter-executor[14, 14] [INFO] Preparing bolt counter:[14]
2020-01-31 14:19:00.044 o.a.s.e.Executor main [INFO] Loading executor tasks splitter:[43, 43]
2020-01-31 14:19:00.044 o.a.s.e.b.BoltExecutor Thread-30-counter-executor[22, 22] [INFO] Preparing bolt counter:[22]
2020-01-31 14:19:00.044 o.a.s.e.b.BoltExecutor Thread-29-counter-executor[14, 14] [INFO] Prepared bolt counter:[14]
2020-01-31 14:19:00.044 o.a.s.e.b.BoltExecutor Thread-30-counter-executor[22, 22] [INFO] Prepared bolt counter:[22]
2020-01-31 14:19:00.144 o.a.s.e.Executor main [INFO] Finished loading executor splitter:[43, 43]
2020-01-31 14:19:00.144 o.a.s.e.Executor main [INFO] Loading executor tasks splitter:[39, 39]
2020-01-31 14:19:00.244 o.a.s.e.b.BoltExecutor Thread-32-splitter-executor[43, 43] [INFO] Preparing bolt splitter:[43]
2020-01-31 14:19:00.244 o.a.s.e.b.BoltExecutor Thread-32-splitter-executor[43, 43] [INFO] Prepared bolt splitter:[43]
2020-01-31 14:19:00.246 o.a.s.e.b.BoltExecutor Thread-31-reporter-executor[35, 35] [INFO] Preparing bolt reporter:[35]
2020-01-31 14:19:00.247 o.a.s.e.b.BoltExecutor Thread-31-reporter-executor[35, 35] [INFO] Prepared bolt reporter:[35]
2020-01-31 14:19:00.344 o.a.s.e.Executor main [INFO] Finished loading executor splitter:[39, 39]
2020-01-31 14:19:00.344 o.a.s.e.Executor main [INFO] Loading executor tasks counter:[19, 19]
2020-01-31 14:19:00.346 o.a.s.e.b.BoltExecutor Thread-33-splitter-executor[39, 39] [INFO] Preparing bolt splitter:[39]
2020-01-31 14:19:00.347 o.a.s.e.b.BoltExecutor Thread-33-splitter-executor[39, 39] [INFO] Prepared bolt splitter:[39]
2020-01-31 14:19:00.446 o.a.s.e.Executor main [INFO] Finished loading executor counter:[19, 19]
2020-01-31 14:19:00.447 o.a.s.e.Executor main [INFO] Loading executor tasks counter:[15, 15]
2020-01-31 14:19:00.544 o.a.s.e.b.BoltExecutor Thread-34-counter-executor[19, 19] [INFO] Preparing bolt counter:[19]
2020-01-31 14:19:00.544 o.a.s.e.b.BoltExecutor Thread-34-counter-executor[19, 19] [INFO] Prepared bolt counter:[19]
2020-01-31 14:19:00.644 o.a.s.e.Executor main [INFO] Finished loading executor counter:[15, 15]
2020-01-31 14:19:00.644 o.a.s.e.Executor main [INFO] Loading executor tasks counter:[11, 11]
2020-01-31 14:19:00.646 o.a.s.e.b.BoltExecutor Thread-35-counter-executor[15, 15] [INFO] Preparing bolt counter:[15]
2020-01-31 14:19:00.647 o.a.s.e.b.BoltExecutor Thread-35-counter-executor[15, 15] [INFO] Prepared bolt counter:[15]
2020-01-31 14:19:00.746 o.a.s.e.Executor main [INFO] Finished loading executor counter:[11, 11]
2020-01-31 14:19:00.746 o.a.s.e.Executor main [INFO] Loading executor tasks counter:[3, 3]
2020-01-31 14:19:00.749 o.a.s.e.b.BoltExecutor Thread-36-counter-executor[11, 11] [INFO] Preparing bolt counter:[11]
2020-01-31 14:19:00.749 o.a.s.e.b.BoltExecutor Thread-36-counter-executor[11, 11] [INFO] Prepared bolt counter:[11]
2020-01-31 14:19:00.944 o.a.s.e.Executor main [INFO] Finished loading executor counter:[3, 3]
2020-01-31 14:19:00.944 o.a.s.e.b.BoltExecutor Thread-37-counter-executor[3, 3] [INFO] Preparing bolt counter:[3]
2020-01-31 14:19:00.944 o.a.s.e.Executor main [INFO] Loading executor tasks counter:[7, 7]
2020-01-31 14:19:00.944 o.a.s.e.b.BoltExecutor Thread-37-counter-executor[3, 3] [INFO] Prepared bolt counter:[3]
2020-01-31 14:19:01.045 o.a.s.e.Executor main [INFO] Finished loading executor counter:[7, 7]
2020-01-31 14:19:01.045 o.a.s.e.Executor main [INFO] Loading executor tasks splitter:[67, 67]
2020-01-31 14:19:01.045 o.a.s.e.b.BoltExecutor Thread-38-counter-executor[7, 7] [INFO] Preparing bolt counter:[7]
2020-01-31 14:19:01.046 o.a.s.e.b.BoltExecutor Thread-38-counter-executor[7, 7] [INFO] Prepared bolt counter:[7]
2020-01-31 14:19:01.144 o.a.s.e.Executor main [INFO] Finished loading executor splitter:[67, 67]
2020-01-31 14:19:01.144 o.a.s.e.Executor main [INFO] Loading executor tasks splitter:[63, 63]
2020-01-31 14:19:01.146 o.a.s.e.b.BoltExecutor Thread-39-splitter-executor[67, 67] [INFO] Preparing bolt splitter:[67]
2020-01-31 14:19:01.147 o.a.s.e.b.BoltExecutor Thread-39-splitter-executor[67, 67] [INFO] Prepared bolt splitter:[67]
2020-01-31 14:19:01.246 o.a.s.e.Executor main [INFO] Finished loading executor splitter:[63, 63]
2020-01-31 14:19:01.246 o.a.s.e.Executor main [INFO] Loading executor tasks splitter:[59, 59]
2020-01-31 14:19:01.344 o.a.s.e.b.BoltExecutor Thread-40-splitter-executor[63, 63] [INFO] Preparing bolt splitter:[63]
2020-01-31 14:19:01.344 o.a.s.e.b.BoltExecutor Thread-40-splitter-executor[63, 63] [INFO] Prepared bolt splitter:[63]
2020-01-31 14:19:01.446 o.a.s.e.Executor main [INFO] Finished loading executor splitter:[59, 59]
2020-01-31 14:19:01.447 o.a.s.e.Executor main [INFO] Loading executor tasks splitter:[51, 51]
2020-01-31 14:19:01.447 o.a.s.e.Executor main [INFO] Finished loading executor splitter:[51, 51]
2020-01-31 14:19:01.447 o.a.s.e.Executor main [INFO] Loading executor tasks splitter:[55, 55]
2020-01-31 14:19:01.447 o.a.s.e.b.BoltExecutor Thread-42-splitter-executor[51, 51] [INFO] Preparing bolt splitter:[51]
2020-01-31 14:19:01.447 o.a.s.e.b.BoltExecutor Thread-42-splitter-executor[51, 51] [INFO] Prepared bolt splitter:[51]
2020-01-31 14:19:01.448 o.a.s.e.Executor main [INFO] Finished loading executor splitter:[55, 55]
2020-01-31 14:19:01.448 o.a.s.e.Executor main [INFO] Loading executor tasks splitter:[47, 47]
2020-01-31 14:19:01.448 o.a.s.e.Executor main [INFO] Finished loading executor splitter:[47, 47]
2020-01-31 14:19:01.448 o.a.s.e.Executor main [INFO] Loading executor tasks counter:[27, 27]
2020-01-31 14:19:01.448 o.a.s.e.b.BoltExecutor Thread-41-splitter-executor[59, 59] [INFO] Preparing bolt splitter:[59]
2020-01-31 14:19:01.448 o.a.s.e.b.BoltExecutor Thread-44-splitter-executor[47, 47] [INFO] Preparing bolt splitter:[47]
2020-01-31 14:19:01.449 o.a.s.e.b.BoltExecutor Thread-44-splitter-executor[47, 47] [INFO] Prepared bolt splitter:[47]
2020-01-31 14:19:01.449 o.a.s.e.b.BoltExecutor Thread-41-splitter-executor[59, 59] [INFO] Prepared bolt splitter:[59]
2020-01-31 14:19:01.449 o.a.s.e.Executor main [INFO] Finished loading executor counter:[27, 27]
2020-01-31 14:19:01.449 o.a.s.e.Executor main [INFO] Loading executor tasks counter:[23, 23]
2020-01-31 14:19:01.545 o.a.s.e.b.BoltExecutor Thread-45-counter-executor[27, 27] [INFO] Preparing bolt counter:[27]
2020-01-31 14:19:01.545 o.a.s.e.b.BoltExecutor Thread-45-counter-executor[27, 27] [INFO] Prepared bolt counter:[27]
2020-01-31 14:19:01.545 o.a.s.e.b.BoltExecutor Thread-43-splitter-executor[55, 55] [INFO] Preparing bolt splitter:[55]
2020-01-31 14:19:01.546 o.a.s.e.b.BoltExecutor Thread-43-splitter-executor[55, 55] [INFO] Prepared bolt splitter:[55]
2020-01-31 14:19:01.644 o.a.s.e.Executor main [INFO] Finished loading executor counter:[23, 23]
2020-01-31 14:19:01.644 o.a.s.e.Executor main [INFO] Loading executor tasks counter:[31, 31]
2020-01-31 14:19:01.644 o.a.s.e.b.BoltExecutor Thread-46-counter-executor[23, 23] [INFO] Preparing bolt counter:[23]
2020-01-31 14:19:01.644 o.a.s.e.b.BoltExecutor Thread-46-counter-executor[23, 23] [INFO] Prepared bolt counter:[23]
2020-01-31 14:19:01.746 o.a.s.e.Executor main [INFO] Finished loading executor counter:[31, 31]
2020-01-31 14:19:01.746 o.a.s.e.Executor main [INFO] Loading executor tasks counter:[28, 28]
2020-01-31 14:19:01.844 o.a.s.e.Executor main [INFO] Finished loading executor counter:[28, 28]
2020-01-31 14:19:01.844 o.a.s.e.Executor main [INFO] Loading executor tasks splitter:[44, 44]
2020-01-31 14:19:01.844 o.a.s.e.b.BoltExecutor Thread-47-counter-executor[31, 31] [INFO] Preparing bolt counter:[31]
2020-01-31 14:19:01.844 o.a.s.e.b.BoltExecutor Thread-47-counter-executor[31, 31] [INFO] Prepared bolt counter:[31]
2020-01-31 14:19:01.846 o.a.s.e.b.BoltExecutor Thread-48-counter-executor[28, 28] [INFO] Preparing bolt counter:[28]
2020-01-31 14:19:01.847 o.a.s.e.b.BoltExecutor Thread-48-counter-executor[28, 28] [INFO] Prepared bolt counter:[28]
2020-01-31 14:19:02.044 o.a.s.e.Executor main [INFO] Finished loading executor splitter:[44, 44]
2020-01-31 14:19:02.044 o.a.s.e.Executor main [INFO] Loading executor tasks __system:[-1, -1]
2020-01-31 14:19:02.144 o.a.s.e.Executor main [INFO] Finished loading executor __system:[-1, -1]
2020-01-31 14:19:02.144 o.a.s.e.Executor main [INFO] Loading executor tasks splitter:[52, 52]
2020-01-31 14:19:02.144 o.a.s.e.b.BoltExecutor Thread-49-splitter-executor[44, 44] [INFO] Preparing bolt splitter:[44]
2020-01-31 14:19:02.144 o.a.s.e.b.BoltExecutor Thread-49-splitter-executor[44, 44] [INFO] Prepared bolt splitter:[44]
2020-01-31 14:19:02.146 o.a.s.e.b.BoltExecutor Thread-50-__system-executor[-1, -1] [INFO] Preparing bolt __system:[-1]
2020-01-31 14:19:02.344 o.a.s.e.Executor main [INFO] Finished loading executor splitter:[52, 52]
2020-01-31 14:19:02.344 o.a.s.e.Executor main [INFO] Loading executor tasks splitter:[56, 56]
2020-01-31 14:19:02.344 o.a.s.e.b.BoltExecutor Thread-51-splitter-executor[52, 52] [INFO] Preparing bolt splitter:[52]
2020-01-31 14:19:02.344 o.a.s.e.b.BoltExecutor Thread-51-splitter-executor[52, 52] [INFO] Prepared bolt splitter:[52]
2020-01-31 14:19:02.444 o.a.s.e.Executor main [INFO] Finished loading executor splitter:[56, 56]
2020-01-31 14:19:02.444 o.a.s.e.Executor main [INFO] Loading executor tasks splitter:[48, 48]
2020-01-31 14:19:02.444 o.a.s.e.b.BoltExecutor Thread-52-splitter-executor[56, 56] [INFO] Preparing bolt splitter:[56]
2020-01-31 14:19:02.445 o.a.s.e.b.BoltExecutor Thread-52-splitter-executor[56, 56] [INFO] Prepared bolt splitter:[56]
2020-01-31 14:19:02.546 o.a.s.e.Executor main [INFO] Finished loading executor splitter:[48, 48]
2020-01-31 14:19:02.546 o.a.s.e.Executor main [INFO] Loading executor tasks counter:[12, 12]
2020-01-31 14:19:02.644 o.a.s.e.b.BoltExecutor Thread-53-splitter-executor[48, 48] [INFO] Preparing bolt splitter:[48]
2020-01-31 14:19:02.644 o.a.s.e.b.BoltExecutor Thread-53-splitter-executor[48, 48] [INFO] Prepared bolt splitter:[48]
2020-01-31 14:19:03.045 o.a.s.m.c.CGroupMetricsBase Thread-50-__system-executor[-1, -1] [WARN] CGroupMemoryLimit is disabled /cgroup/storm_resources does not exist
2020-01-31 14:19:03.046 o.a.s.e.Executor main [INFO] Finished loading executor counter:[12, 12]
2020-01-31 14:19:03.046 o.a.s.e.Executor main [INFO] Loading executor tasks counter:[8, 8]
2020-01-31 14:19:03.047 o.a.s.m.c.CGroupMetricsBase Thread-50-__system-executor[-1, -1] [WARN] CGroupMemoryUsage is disabled /cgroup/storm_resources does not exist
2020-01-31 14:19:03.048 o.a.s.m.c.CGroupMetricsBase Thread-50-__system-executor[-1, -1] [WARN] CGroupCpu is disabled /cgroup/storm_resources does not exist
2020-01-31 14:19:03.050 o.a.s.m.c.CGroupMetricsBase Thread-50-__system-executor[-1, -1] [WARN] CGroupCpuGuarantee is disabled /cgroup/storm_resources does not exist
2020-01-31 14:19:03.050 o.a.s.e.b.BoltExecutor Thread-50-__system-executor[-1, -1] [INFO] Prepared bolt __system:[-1]
2020-01-31 14:19:03.144 o.a.s.e.b.BoltExecutor Thread-54-counter-executor[12, 12] [INFO] Preparing bolt counter:[12]
2020-01-31 14:19:03.144 o.a.s.e.b.BoltExecutor Thread-54-counter-executor[12, 12] [INFO] Prepared bolt counter:[12]
2020-01-31 14:19:03.246 o.a.s.e.Executor main [INFO] Finished loading executor counter:[8, 8]
2020-01-31 14:19:03.246 o.a.s.e.Executor main [INFO] Loading executor tasks counter:[20, 20]
2020-01-31 14:19:03.346 o.a.s.e.Executor main [INFO] Finished loading executor counter:[20, 20]
2020-01-31 14:19:03.346 o.a.s.e.Executor main [INFO] Loading executor tasks counter:[16, 16]
2020-01-31 14:19:03.346 o.a.s.e.b.BoltExecutor Thread-55-counter-executor[8, 8] [INFO] Preparing bolt counter:[8]
2020-01-31 14:19:03.347 o.a.s.e.b.BoltExecutor Thread-55-counter-executor[8, 8] [INFO] Prepared bolt counter:[8]
2020-01-31 14:19:03.444 o.a.s.e.b.BoltExecutor Thread-56-counter-executor[20, 20] [INFO] Preparing bolt counter:[20]
2020-01-31 14:19:03.444 o.a.s.e.b.BoltExecutor Thread-56-counter-executor[20, 20] [INFO] Prepared bolt counter:[20]
2020-01-31 14:19:03.644 o.a.s.e.Executor main [INFO] Finished loading executor counter:[16, 16]
2020-01-31 14:19:03.644 o.a.s.e.Executor main [INFO] Loading executor tasks counter:[24, 24]
2020-01-31 14:19:03.647 o.a.s.e.b.BoltExecutor Thread-57-counter-executor[16, 16] [INFO] Preparing bolt counter:[16]
2020-01-31 14:19:03.647 o.a.s.e.b.BoltExecutor Thread-57-counter-executor[16, 16] [INFO] Prepared bolt counter:[16]
2020-01-31 14:19:03.744 o.a.s.e.Executor main [INFO] Finished loading executor counter:[24, 24]
2020-01-31 14:19:03.744 o.a.s.e.Executor main [INFO] Loading executor tasks counter:[4, 4]
2020-01-31 14:19:03.746 o.a.s.e.b.BoltExecutor Thread-58-counter-executor[24, 24] [INFO] Preparing bolt counter:[24]
2020-01-31 14:19:03.747 o.a.s.e.b.BoltExecutor Thread-58-counter-executor[24, 24] [INFO] Prepared bolt counter:[24]
2020-01-31 14:19:03.946 o.a.s.e.b.BoltExecutor Thread-59-counter-executor[4, 4] [INFO] Preparing bolt counter:[4]
2020-01-31 14:19:03.947 o.a.s.e.b.BoltExecutor Thread-59-counter-executor[4, 4] [INFO] Prepared bolt counter:[4]
2020-01-31 14:19:04.043 o.a.s.e.Executor main [INFO] Finished loading executor counter:[4, 4]
2020-01-31 14:19:04.044 o.a.s.e.Executor main [INFO] Loading executor tasks splitter:[60, 60]
2020-01-31 14:19:04.143 o.a.s.e.Executor main [INFO] Finished loading executor splitter:[60, 60]
2020-01-31 14:19:04.144 o.a.s.e.Executor main [INFO] Loading executor tasks spout:[68, 68]
2020-01-31 14:19:04.244 o.a.s.e.b.BoltExecutor Thread-60-splitter-executor[60, 60] [INFO] Preparing bolt splitter:[60]
2020-01-31 14:19:04.244 o.a.s.e.b.BoltExecutor Thread-60-splitter-executor[60, 60] [INFO] Prepared bolt splitter:[60]
2020-01-31 14:19:04.646 o.a.s.e.Executor main [INFO] Finished loading executor spout:[68, 68]
2020-01-31 14:19:04.646 o.a.s.e.Executor main [INFO] Loading executor tasks splitter:[64, 64]
2020-01-31 14:19:04.646 o.a.s.e.s.SpoutExecutor Thread-61-spout-executor[68, 68] [INFO] Opening spout spout:[68]
2020-01-31 14:19:04.649 o.a.s.e.s.SpoutExecutor Thread-61-spout-executor[68, 68] [INFO] Opened spout spout:[68]
2020-01-31 14:19:04.650 o.a.s.e.s.SpoutExecutor Thread-61-spout-executor[68, 68] [INFO] Activating spout spout:[68]
2020-01-31 14:19:04.846 o.a.s.e.Executor main [INFO] Finished loading executor splitter:[64, 64]
2020-01-31 14:19:04.846 o.a.s.e.Executor main [INFO] Loading executor tasks splitter:[36, 36]
2020-01-31 14:19:04.847 o.a.s.e.b.BoltExecutor Thread-62-splitter-executor[64, 64] [INFO] Preparing bolt splitter:[64]
2020-01-31 14:19:04.847 o.a.s.e.b.BoltExecutor Thread-62-splitter-executor[64, 64] [INFO] Prepared bolt splitter:[64]
2020-01-31 14:19:04.946 o.a.s.e.Executor main [INFO] Finished loading executor splitter:[36, 36]
2020-01-31 14:19:04.946 o.a.s.e.Executor main [INFO] Loading executor tasks counter:[32, 32]
2020-01-31 14:19:05.044 o.a.s.e.b.BoltExecutor Thread-63-splitter-executor[36, 36] [INFO] Preparing bolt splitter:[36]
2020-01-31 14:19:05.044 o.a.s.e.b.BoltExecutor Thread-63-splitter-executor[36, 36] [INFO] Prepared bolt splitter:[36]
2020-01-31 14:19:05.144 o.a.s.e.Executor main [INFO] Finished loading executor counter:[32, 32]
2020-01-31 14:19:05.144 o.a.s.e.Executor main [INFO] Loading executor tasks splitter:[40, 40]
2020-01-31 14:19:05.146 o.a.s.e.b.BoltExecutor Thread-64-counter-executor[32, 32] [INFO] Preparing bolt counter:[32]
2020-01-31 14:19:05.147 o.a.s.e.b.BoltExecutor Thread-64-counter-executor[32, 32] [INFO] Prepared bolt counter:[32]
2020-01-31 14:19:05.243 o.a.s.e.Executor main [INFO] Finished loading executor splitter:[40, 40]
2020-01-31 14:19:05.244 o.a.s.e.Executor main [INFO] Loading executor tasks counter:[29, 29]
2020-01-31 14:19:05.246 o.a.s.e.b.BoltExecutor Thread-65-splitter-executor[40, 40] [INFO] Preparing bolt splitter:[40]
2020-01-31 14:19:05.247 o.a.s.e.b.BoltExecutor Thread-65-splitter-executor[40, 40] [INFO] Prepared bolt splitter:[40]
2020-01-31 14:19:05.344 o.a.s.e.Executor main [INFO] Finished loading executor counter:[29, 29]
2020-01-31 14:19:05.344 o.a.s.e.Executor main [INFO] Loading executor tasks splitter:[37, 37]
2020-01-31 14:19:05.345 o.a.s.e.b.BoltExecutor Thread-66-counter-executor[29, 29] [INFO] Preparing bolt counter:[29]
2020-01-31 14:19:05.346 o.a.s.e.b.BoltExecutor Thread-66-counter-executor[29, 29] [INFO] Prepared bolt counter:[29]
2020-01-31 14:19:05.444 o.a.s.e.Executor main [INFO] Finished loading executor splitter:[37, 37]
2020-01-31 14:19:05.444 o.a.s.e.Executor main [INFO] Loading executor tasks counter:[33, 33]
2020-01-31 14:19:05.444 o.a.s.e.b.BoltExecutor Thread-67-splitter-executor[37, 37] [INFO] Preparing bolt splitter:[37]
2020-01-31 14:19:05.444 o.a.s.e.b.BoltExecutor Thread-67-splitter-executor[37, 37] [INFO] Prepared bolt splitter:[37]
2020-01-31 14:19:05.644 o.a.s.e.Executor main [INFO] Finished loading executor counter:[33, 33]
2020-01-31 14:19:05.644 o.a.s.e.Executor main [INFO] Loading executor tasks counter:[5, 5]
2020-01-31 14:19:05.744 o.a.s.e.b.BoltExecutor Thread-68-counter-executor[33, 33] [INFO] Preparing bolt counter:[33]
2020-01-31 14:19:05.744 o.a.s.e.b.BoltExecutor Thread-68-counter-executor[33, 33] [INFO] Prepared bolt counter:[33]
2020-01-31 14:19:05.746 o.a.s.e.Executor main [INFO] Finished loading executor counter:[5, 5]
2020-01-31 14:19:05.746 o.a.s.e.Executor main [INFO] Loading executor tasks counter:[9, 9]
2020-01-31 14:19:05.747 o.a.s.e.b.BoltExecutor Thread-69-counter-executor[5, 5] [INFO] Preparing bolt counter:[5]
2020-01-31 14:19:05.747 o.a.s.e.b.BoltExecutor Thread-69-counter-executor[5, 5] [INFO] Prepared bolt counter:[5]
2020-01-31 14:19:05.944 o.a.s.e.Executor main [INFO] Finished loading executor counter:[9, 9]
2020-01-31 14:19:05.944 o.a.s.e.Executor main [INFO] Loading executor tasks __acker:[1, 1]
2020-01-31 14:19:05.947 o.a.s.e.b.BoltExecutor Thread-70-counter-executor[9, 9] [INFO] Preparing bolt counter:[9]
2020-01-31 14:19:05.947 o.a.s.e.b.BoltExecutor Thread-70-counter-executor[9, 9] [INFO] Prepared bolt counter:[9]
2020-01-31 14:19:06.144 o.a.s.e.Executor main [INFO] Finished loading executor __acker:[1, 1]
2020-01-31 14:19:06.144 o.a.s.e.Executor main [INFO] Loading executor tasks counter:[13, 13]
2020-01-31 14:19:06.146 o.a.s.e.b.BoltExecutor Thread-71-__acker-executor[1, 1] [INFO] Preparing bolt __acker:[1]
2020-01-31 14:19:06.147 o.a.s.e.b.BoltExecutor Thread-71-__acker-executor[1, 1] [INFO] Prepared bolt __acker:[1]
2020-01-31 14:19:06.346 o.a.s.e.Executor main [INFO] Finished loading executor counter:[13, 13]
2020-01-31 14:19:06.346 o.a.s.e.Executor main [INFO] Loading executor tasks splitter:[61, 61]
2020-01-31 14:19:06.444 o.a.s.e.b.BoltExecutor Thread-72-counter-executor[13, 13] [INFO] Preparing bolt counter:[13]
2020-01-31 14:19:06.444 o.a.s.e.b.BoltExecutor Thread-72-counter-executor[13, 13] [INFO] Prepared bolt counter:[13]
2020-01-31 14:19:06.543 o.a.s.e.Executor main [INFO] Finished loading executor splitter:[61, 61]
2020-01-31 14:19:06.544 o.a.s.e.Executor main [INFO] Loading executor tasks splitter:[57, 57]
2020-01-31 14:19:06.544 o.a.s.e.b.BoltExecutor Thread-73-splitter-executor[61, 61] [INFO] Preparing bolt splitter:[61]
2020-01-31 14:19:06.544 o.a.s.e.b.BoltExecutor Thread-73-splitter-executor[61, 61] [INFO] Prepared bolt splitter:[61]
2020-01-31 14:19:06.646 o.a.s.e.Executor main [INFO] Finished loading executor splitter:[57, 57]
2020-01-31 14:19:06.646 o.a.s.e.Executor main [INFO] Loading executor tasks splitter:[65, 65]
2020-01-31 14:19:06.844 o.a.s.e.b.BoltExecutor Thread-74-splitter-executor[57, 57] [INFO] Preparing bolt splitter:[57]
2020-01-31 14:19:06.844 o.a.s.e.b.BoltExecutor Thread-74-splitter-executor[57, 57] [INFO] Prepared bolt splitter:[57]
2020-01-31 14:19:07.044 o.a.s.e.Executor main [INFO] Finished loading executor splitter:[65, 65]
2020-01-31 14:19:07.044 o.a.s.e.Executor main [INFO] Loading executor tasks splitter:[53, 53]
2020-01-31 14:19:07.047 o.a.s.e.b.BoltExecutor Thread-75-splitter-executor[65, 65] [INFO] Preparing bolt splitter:[65]
2020-01-31 14:19:07.047 o.a.s.e.b.BoltExecutor Thread-75-splitter-executor[65, 65] [INFO] Prepared bolt splitter:[65]
2020-01-31 14:19:07.243 o.a.s.e.Executor main [INFO] Finished loading executor splitter:[53, 53]
2020-01-31 14:19:07.244 o.a.s.e.Executor main [INFO] Loading executor tasks splitter:[45, 45]
2020-01-31 14:19:07.245 o.a.s.e.b.BoltExecutor Thread-76-splitter-executor[53, 53] [INFO] Preparing bolt splitter:[53]
2020-01-31 14:19:07.245 o.a.s.e.b.BoltExecutor Thread-76-splitter-executor[53, 53] [INFO] Prepared bolt splitter:[53]
2020-01-31 14:19:07.345 o.a.s.e.Executor main [INFO] Finished loading executor splitter:[45, 45]
2020-01-31 14:19:07.345 o.a.s.e.Executor main [INFO] Loading executor tasks splitter:[49, 49]
2020-01-31 14:19:07.346 o.a.s.e.b.BoltExecutor Thread-77-splitter-executor[45, 45] [INFO] Preparing bolt splitter:[45]
2020-01-31 14:19:07.346 o.a.s.e.b.BoltExecutor Thread-77-splitter-executor[45, 45] [INFO] Prepared bolt splitter:[45]
2020-01-31 14:19:07.544 o.a.s.e.Executor main [INFO] Finished loading executor splitter:[49, 49]
2020-01-31 14:19:07.544 o.a.s.e.Executor main [INFO] Loading executor tasks counter:[21, 21]
2020-01-31 14:19:07.544 o.a.s.e.b.BoltExecutor Thread-78-splitter-executor[49, 49] [INFO] Preparing bolt splitter:[49]
2020-01-31 14:19:07.545 o.a.s.e.b.BoltExecutor Thread-78-splitter-executor[49, 49] [INFO] Prepared bolt splitter:[49]
2020-01-31 14:19:07.646 o.a.s.e.Executor main [INFO] Finished loading executor counter:[21, 21]
2020-01-31 14:19:07.647 o.a.s.e.Executor main [INFO] Loading executor tasks counter:[25, 25]
2020-01-31 14:19:07.647 o.a.s.e.b.BoltExecutor Thread-79-counter-executor[21, 21] [INFO] Preparing bolt counter:[21]
2020-01-31 14:19:07.647 o.a.s.e.b.BoltExecutor Thread-79-counter-executor[21, 21] [INFO] Prepared bolt counter:[21]
2020-01-31 14:19:08.046 o.a.s.e.Executor main [INFO] Finished loading executor counter:[25, 25]
2020-01-31 14:19:08.046 o.a.s.e.Executor main [INFO] Loading executor tasks counter:[17, 17]
2020-01-31 14:19:08.047 o.a.s.e.b.BoltExecutor Thread-80-counter-executor[25, 25] [INFO] Preparing bolt counter:[25]
2020-01-31 14:19:08.047 o.a.s.e.b.BoltExecutor Thread-80-counter-executor[25, 25] [INFO] Prepared bolt counter:[25]
2020-01-31 14:19:08.546 o.a.s.e.Executor main [INFO] Finished loading executor counter:[17, 17]
2020-01-31 14:19:08.546 o.a.s.e.Executor main [INFO] Loading executor tasks splitter:[41, 41]
2020-01-31 14:19:08.547 o.a.s.e.b.BoltExecutor Thread-81-counter-executor[17, 17] [INFO] Preparing bolt counter:[17]
2020-01-31 14:19:08.547 o.a.s.e.b.BoltExecutor Thread-81-counter-executor[17, 17] [INFO] Prepared bolt counter:[17]
2020-01-31 14:19:08.946 o.a.s.e.Executor main [INFO] Finished loading executor splitter:[41, 41]
2020-01-31 14:19:08.948 o.a.s.e.b.BoltExecutor Thread-82-splitter-executor[41, 41] [INFO] Preparing bolt splitter:[41]
2020-01-31 14:19:08.949 o.a.s.e.b.BoltExecutor Thread-82-splitter-executor[41, 41] [INFO] Prepared bolt splitter:[41]
2020-01-31 14:19:10.544 o.a.s.d.w.Worker main [INFO] Flush tuple will be generated every 1 millis
2020-01-31 14:19:10.545 o.a.s.d.w.Worker main [INFO] BackPressure change checking is disabled as there is only one worker
2020-01-31 14:19:10.750 o.a.s.d.w.Worker main [INFO] Worker has topology config {storm.messaging.netty.min_wait_ms=100, topology.backpressure.wait.strategy=org.apache.storm.policy.WaitStrategyProgressive, topology.submitter.principal=, storm.resource.isolation.plugin=org.apache.storm.container.cgroup.CgroupManager, storm.zookeeper.auth.user=null, storm.messaging.netty.buffer_size=5242880, topology.name=WordCountTopo, storm.exhibitor.port=8080, topology.bolt.wait.progressive.level1.count=1, pacemaker.auth.method=NONE, splitter.task=32, ui.filter=null, worker.profiler.enabled=false, executor.metrics.frequency.secs=60, storm.id=WordCountTopo-13-1580480329, supervisor.thrift.threads=16, ui.http.creds.plugin=org.apache.storm.security.auth.DefaultHttpCredentialsPlugin, supervisor.supervisors.commands=[], supervisor.queue.size=128, logviewer.cleanup.age.mins=10080, topology.tuple.serializer=org.apache.storm.serialization.types.ListDelegateSerializer, storm.cgroup.memory.enforcement.enable=false, drpc.port=3772, topology.max.spout.pending=1, topology.transfer.buffer.size=1000, nimbus.worker.heartbeats.recovery.strategy.class=org.apache.storm.nimbus.TimeOutWorkerHeartbeatsRecoveryStrategy, worker.metrics={CGroupMemoryLimit=org.apache.storm.metric.cgroup.CGroupMemoryLimit, CGroupMemory=org.apache.storm.metric.cgroup.CGroupMemoryUsage, CGroupCpu=org.apache.storm.metric.cgroup.CGroupCpu, CGroupCpuGuarantee=org.apache.storm.metric.cgroup.CGroupCpuGuarantee}, logviewer.port=8000, worker.childopts=-Xmx%HEAP-MEM%m -XX:+PrintGCDetails -Xloggc:artifacts/gc.log -XX:+PrintGCDateStamps -XX:+PrintGCTimeStamps -XX:+UseGCLogFileRotation -XX:NumberOfGCLogFiles=10 -XX:GCLogFileSize=1M -XX:+HeapDumpOnOutOfMemoryError -XX:HeapDumpPath=artifacts/heapdump, topology.component.cpu.pcore.percent=10.0, storm.daemon.metrics.reporter.plugins=[org.apache.storm.daemon.metrics.reporters.JmxPreparableReporter], blacklist.scheduler.resume.time.secs=1800, drpc.childopts=-Xmx768m, nimbus.task.launch.secs=120, logviewer.childopts=-Xmx128m, storm.supervisor.hard.memory.limit.overage.mb=2024, storm.zookeeper.servers=[zookeeper], storm.messaging.transport=org.apache.storm.messaging.netty.Context, storm.messaging.netty.authentication=false, topology.localityaware.higher.bound=0.8, storm.cgroup.memory.limit.tolerance.margin.mb=0.0, storm.cgroup.hierarchy.name=storm, storm.metricprocessor.class=org.apache.storm.metricstore.NimbusMetricProcessor, topology.kryo.factory=org.apache.storm.serialization.DefaultKryoFactory, nimbus.assignments.service.threads=10, reporter.count=1, worker.heap.memory.mb=768, storm.network.topography.plugin=org.apache.storm.networktopography.DefaultRackDNSToSwitchMapping, supervisor.slots.ports=[6700, 6701, 6702, 6703], spout.count=1, topology.stats.sample.rate=5.0E-4, storm.local.dir=/data, topology.backpressure.wait.park.microsec=100, topology.ras.constraint.max.state.search=10000, topology.testing.always.try.serialize=false, nimbus.assignments.service.thread.queue.size=100, storm.principal.tolocal=org.apache.storm.security.auth.DefaultPrincipalToLocal, java.library.path=/usr/local/lib:/opt/local/lib:/usr/lib:/usr/lib64, nimbus.local.assignments.backend.class=org.apache.storm.assignments.InMemoryAssignmentBackend, worker.gc.childopts=, storm.group.mapping.service.cache.duration.secs=120, topology.multilang.serializer=org.apache.storm.multilang.JsonSerializer, topology.kryo.register={}, drpc.request.timeout.secs=600, nimbus.blobstore.class=org.apache.storm.blobstore.LocalFsBlobStore, topology.state.synchronization.timeout.secs=60, metric.count=1, topology.bolt.wait.progressive.level2.count=1000, topology.kryo.decorators=[], topology.worker.shared.thread.pool.size=4, topology.submitter.user=storm, topology.executor.receive.buffer.size=32768, pacemaker.servers=[], supervisor.monitor.frequency.secs=3, storm.nimbus.retry.times=5, topology.transfer.batch.size=1, transactional.zookeeper.port=null, storm.auth.simple-white-list.users=[], topology.scheduler.strategy=org.apache.storm.scheduler.resource.strategies.scheduling.DefaultResourceAwareStrategy, storm.zookeeper.port=2181, storm.zookeeper.retry.intervalceiling.millis=30000, storm.cluster.state.store=org.apache.storm.cluster.ZKStateStorageFactory, nimbus.thrift.port=6627, blacklist.scheduler.tolerance.count=3, nimbus.thrift.threads=64, supervisor.supervisors=[], nimbus.seeds=[nimbus], storm.cluster.metrics.consumer.publish.interval.secs=60, logviewer.filter.params=null, topology.min.replication.count=1, nimbus.blobstore.expiration.secs=600, storm.group.mapping.service=org.apache.storm.security.auth.ShellBasedGroupsMapping, storm.nimbus.retry.interval.millis=2000, topology.max.task.parallelism=null, topology.backpressure.wait.progressive.level2.count=1000, drpc.https.keystore.password=, resource.aware.scheduler.constraint.max.state.search=100000, supervisor.heartbeat.frequency.secs=5, splitter.count=32, nimbus.credential.renewers.freq.secs=600, storm.supervisor.medium.memory.grace.period.ms=30000, storm.thrift.transport=org.apache.storm.security.auth.SimpleTransportPlugin, storm.cgroup.hierarchy.dir=/cgroup/storm_resources, storm.zookeeper.auth.password=null, ui.port=8080, drpc.authorizer.acl.strict=false, topology.message.timeout.secs=30, topology.error.throttle.interval.secs=10, topology.backpressure.check.millis=50, drpc.https.keystore.type=JKS, supervisor.memory.capacity.mb=4096.0, storm.metricstore.class=org.apache.storm.metricstore.rocksdb.RocksDbStore, topology.doubler=0, drpc.authorizer.acl.filename=drpc-auth-acl.yaml, topology.builtin.metrics.bucket.size.secs=60, topology.spout.wait.park.microsec=100, storm.local.mode.zmq=false, pacemaker.client.max.threads=2, ui.header.buffer.bytes=4096, counter.count=32, topology.shellbolt.max.pending=100, topology.serialized.message.size.metrics=false, topology.metrics.consumer.register=[{argument=null, class=org.apache.storm.metric.LoggingMetricsConsumer, parallelism.hint=1}], drpc.max_buffer_size=1048576, drpc.disable.http.binding=true, storm.codedistributor.class=org.apache.storm.codedistributor.LocalFileSystemCodeDistributor, worker.profiler.childopts=-XX:+UnlockCommercialFeatures -XX:+FlightRecorder, nimbus.supervisor.timeout.secs=60, storm.supervisor.cgroup.rootdir=storm, topology.worker.max.heap.size.mb=768.0, storm.zookeeper.root=/storm, topology.disable.loadaware.messaging=true, storm.supervisor.hard.memory.limit.multiplier=2.0, nimbus.topology.validator=org.apache.storm.nimbus.DefaultTopologyValidator, worker.heartbeat.frequency.secs=1, storm.messaging.netty.max_wait_ms=1000, topology.backpressure.wait.progressive.level1.count=1, topology.max.error.report.per.interval=5, spout.task=1, nimbus.thrift.max_buffer_size=1048576, storm.metricstore.rocksdb.location=storm_rocks, storm.supervisor.low.memory.threshold.mb=1024, pacemaker.max.threads=50, ui.pagination=20, ui.disable.http.binding=true, supervisor.blobstore.download.max_retries=3, topology.enable.message.timeouts=true, logviewer.disable.http.binding=true, storm.messaging.netty.transfer.batch.size=262144, topology.spout.wait.progressive.level2.count=0, blacklist.scheduler.strategy=org.apache.storm.scheduler.blacklist.strategies.DefaultBlacklistStrategy, storm.metricstore.rocksdb.retention_hours=240, supervisor.run.worker.as.user=false, storm.messaging.netty.client_worker_threads=1, topology.tasks=null, supervisor.thrift.socket.timeout.ms=5000, storm.group.mapping.service.params=null, drpc.http.port=3774, transactional.zookeeper.root=/transactional, supervisor.blobstore.download.thread.count=5, logviewer.filter=null, pacemaker.kerberos.users=[], topology.spout.wait.strategy=org.apache.storm.policy.WaitStrategyProgressive, storm.blobstore.inputstream.buffer.size.bytes=65536, supervisor.worker.heartbeats.max.timeout.secs=600, supervisor.worker.timeout.secs=30, topology.worker.receiver.thread.count=1, logviewer.max.sum.worker.logs.size.mb=4096, topology.executor.overflow.limit=0, topology.batch.flush.interval.millis=1, nimbus.file.copy.expiration.secs=600, pacemaker.port=6699, topology.worker.logwriter.childopts=-Xmx64m, drpc.http.creds.plugin=org.apache.storm.security.auth.DefaultHttpCredentialsPlugin, nimbus.topology.blobstore.deletion.delay.ms=300000, storm.blobstore.acl.validation.enabled=false, ui.filter.params=null, topology.workers=1, blacklist.scheduler.tolerance.time.secs=300, storm.supervisor.medium.memory.threshold.mb=1536, topology.environment=null, drpc.invocations.port=3773, storm.metricstore.rocksdb.create_if_missing=true, nimbus.cleanup.inbox.freq.secs=600, client.blobstore.class=org.apache.storm.blobstore.NimbusBlobStore, topology.fall.back.on.java.serialization=true, storm.nimbus.retry.intervalceiling.millis=60000, storm.nimbus.zookeeper.acls.fixup=true, logviewer.appender.name=A1, ui.users=null, pacemaker.childopts=-Xmx1024m, storm.messaging.netty.server_worker_threads=1, scheduler.display.resource=false, ui.actions.enabled=true, storm.thrift.socket.timeout.ms=600000, storm.topology.classpath.beginning.enabled=false, storm.zookeeper.connection.timeout=15000, topology.tick.tuple.freq.secs=null, nimbus.inbox.jar.expiration.secs=3600, topology.debug=false, storm.zookeeper.retry.interval=1000, storm.messaging.netty.buffer.high.watermark=16777216, storm.blobstore.dependency.jar.upload.chunk.size.bytes=1048576, worker.log.level.reset.poll.secs=30, storm.exhibitor.poll.uripath=/exhibitor/v1/cluster/list, storm.zookeeper.retry.times=5, nimbus.code.sync.freq.secs=120, topology.component.resources.offheap.memory.mb=0.0, topology.spout.wait.progressive.level1.count=0, topology.state.checkpoint.interval.ms=1000, topology.priority=29, supervisor.localizer.cleanup.interval.ms=30000, storm.health.check.dir=healthchecks, supervisor.cpu.capacity=400.0, topology.backpressure.wait.progressive.level3.sleep.millis=1, storm.cgroup.resources=[cpu, memory], storm.worker.min.cpu.pcore.percent=0.0, topology.classpath=null, storm.nimbus.zookeeper.acls.check=true, num.stat.buckets=20, topology.spout.wait.progressive.level3.sleep.millis=1, supervisor.localizer.cache.target.size.mb=10240, topology.worker.childopts=null, drpc.https.port=-1, topology.bolt.wait.park.microsec=0, topology.max.replication.wait.time.sec=60, storm.cgroup.cgexec.cmd=/bin/cgexec, topology.users=[null], topology.acker.executors=null, topology.bolt.wait.progressive.level3.sleep.millis=1, supervisor.worker.start.timeout.secs=120, supervisor.worker.shutdown.sleep.secs=3, logviewer.max.per.worker.logs.size.mb=2048, topology.trident.batch.emit.interval.millis=500, task.heartbeat.frequency.secs=3, supervisor.enable=true, supervisor.thrift.max_buffer_size=1048576, supervisor.blobstore.class=org.apache.storm.blobstore.NimbusBlobStore, topology.producer.batch.size=1000, drpc.worker.threads=64, resource.aware.scheduler.priority.strategy=org.apache.storm.scheduler.resource.strategies.priority.DefaultSchedulingPriorityStrategy, blacklist.scheduler.reporter=org.apache.storm.scheduler.blacklist.reporters.LogReporter, storm.messaging.netty.socket.backlog=500, storm.cgroup.inherit.cpuset.configs=false, nimbus.queue.size=100000, drpc.queue.size=128, ui.disable.spout.lag.monitoring=true, topology.eventlogger.executors=0, pacemaker.base.threads=10, nimbus.childopts=-Xmx1024m, storm.log.dir=/logs, topology.spout.recvq.skips=3, storm.zookeeper.superACL=null, storm.resource.isolation.plugin.enable=false, nimbus.monitor.freq.secs=10, storm.supervisor.memory.limit.tolerance.margin.mb=128.0, storm.disable.symlinks=false, counter.task=32, topology.localityaware.lower.bound=0.2, transactional.zookeeper.servers=null, nimbus.task.timeout.secs=30, logs.users=null, pacemaker.thrift.message.size.max=10485760, ui.host=0.0.0.0, supervisor.thrift.port=6628, topology.bolt.wait.strategy=org.apache.storm.policy.WaitStrategyPark, pacemaker.thread.timeout=10, storm.meta.serialization.delegate=org.apache.storm.serialization.GzipThriftSerializationDelegate, dev.zookeeper.path=/tmp/dev-storm-zookeeper, topology.skip.missing.kryo.registrations=false, drpc.invocations.threads=64, storm.zookeeper.session.timeout=20000, storm.metricstore.rocksdb.metadata_string_cache_capacity=4000, storm.workers.artifacts.dir=workers-artifacts, topology.component.resources.onheap.memory.mb=128.0, storm.log4j2.conf.dir=log4j2, storm.cluster.mode=distributed, ui.childopts=-Xmx768m, task.refresh.poll.secs=10, supervisor.childopts=-Xmx256m, task.credentials.poll.secs=30, storm.health.check.timeout.ms=5000, storm.blobstore.replication.factor=3, worker.profiler.command=flight.bash, storm.messaging.netty.buffer.low.watermark=8388608}
2020-01-31 14:19:10.844 o.a.s.d.w.Worker main [INFO] Worker 4741aef7-1427-4f96-952d-d5112b4f4c6e for storm WordCountTopo-13-1580480329 on c02f139c-f46b-4e14-b5bc-de142d17b2e5-172.18.0.3:6700  has finished loading
2020-01-31 14:19:10.844 o.a.s.d.w.Worker main [INFO] Adding shutdown hook with kill in 3 secs
2020-01-31 14:30:51.544 o.a.s.e.s.SpoutExecutor Thread-61-spout-executor[68, 68] [INFO] Deactivating spout spout:[68]
2020-01-31 14:30:53.344 o.a.s.d.w.Worker Thread-84 [INFO] Shutting down worker WordCountTopo-13-1580480329 c02f139c-f46b-4e14-b5bc-de142d17b2e5-172.18.0.3 6700
2020-01-31 14:30:53.345 o.a.s.d.w.Worker Thread-84 [INFO] Terminating messaging context
2020-01-31 14:30:53.345 o.a.s.d.w.Worker Thread-84 [INFO] Shutting down executors
2020-01-31 14:30:53.345 o.a.s.e.ExecutorShutdown Thread-84 [INFO] Shutting down executor counter:[26, 26]
2020-01-31 14:30:53.347 o.a.s.u.Utils Thread-83 [INFO] Halting after 3 seconds
2020-01-31 14:30:53.546 o.a.s.d.w.WorkerState refresh-connections-timer [WARN] Failed to read assignment. This should only happen when topology is shutting down.
java.lang.RuntimeException: Failed to read worker assignment. Supervisor client threw exception, and assignment in Zookeeper was null
	at org.apache.storm.daemon.worker.WorkerState.getLocalAssignment(WorkerState.java:663) ~[storm-client-2.1.0.jar:2.1.0]
	at org.apache.storm.daemon.worker.WorkerState.refreshConnections(WorkerState.java:387) ~[storm-client-2.1.0.jar:2.1.0]
	at org.apache.storm.StormTimer$1.run(StormTimer.java:110) [storm-client-2.1.0.jar:2.1.0]
	at org.apache.storm.StormTimer$StormTimerTask.run(StormTimer.java:226) [storm-client-2.1.0.jar:2.1.0]
Caused by: org.apache.storm.generated.NotAliveException
	at org.apache.storm.generated.Supervisor$getLocalAssignmentForStorm_result$getLocalAssignmentForStorm_resultStandardScheme.read(Supervisor.java:2170) ~[storm-client-2.1.0.jar:2.1.0]
	at org.apache.storm.generated.Supervisor$getLocalAssignmentForStorm_result$getLocalAssignmentForStorm_resultStandardScheme.read(Supervisor.java:2147) ~[storm-client-2.1.0.jar:2.1.0]
	at org.apache.storm.generated.Supervisor$getLocalAssignmentForStorm_result.read(Supervisor.java:2078) ~[storm-client-2.1.0.jar:2.1.0]
	at org.apache.storm.thrift.TServiceClient.receiveBase(TServiceClient.java:88) ~[storm-shaded-deps-2.1.0.jar:2.1.0]
	at org.apache.storm.generated.Supervisor$Client.recv_getLocalAssignmentForStorm(Supervisor.java:124) ~[storm-client-2.1.0.jar:2.1.0]
	at org.apache.storm.generated.Supervisor$Client.getLocalAssignmentForStorm(Supervisor.java:111) ~[storm-client-2.1.0.jar:2.1.0]
	at org.apache.storm.daemon.worker.WorkerState.getLocalAssignment(WorkerState.java:658) ~[storm-client-2.1.0.jar:2.1.0]
	... 3 more
2020-01-31 14:30:53.746 o.a.s.u.Utils Thread-13-counter-executor[26, 26] [INFO] Async loop interrupted!
2020-01-31 14:30:53.746 o.a.s.e.ExecutorShutdown Thread-84 [INFO] Shut down executor counter:[26, 26]
2020-01-31 14:30:53.747 o.a.s.e.ExecutorShutdown Thread-84 [INFO] Shutting down executor splitter:[42, 42]
2020-01-31 14:30:53.844 o.a.s.u.Utils Thread-14-splitter-executor[42, 42] [INFO] Async loop interrupted!
2020-01-31 14:30:53.844 o.a.s.e.ExecutorShutdown Thread-84 [INFO] Shut down executor splitter:[42, 42]
2020-01-31 14:30:53.844 o.a.s.e.ExecutorShutdown Thread-84 [INFO] Shutting down executor splitter:[50, 50]
2020-01-31 14:30:54.344 o.a.s.u.Utils Thread-15-splitter-executor[50, 50] [INFO] Async loop interrupted!
2020-01-31 14:30:54.346 o.a.s.e.ExecutorShutdown Thread-84 [INFO] Shut down executor splitter:[50, 50]
2020-01-31 14:30:54.346 o.a.s.e.ExecutorShutdown Thread-84 [INFO] Shutting down executor splitter:[54, 54]
2020-01-31 14:30:55.544 o.a.s.u.Utils Thread-16-splitter-executor[54, 54] [INFO] Async loop interrupted!
2020-01-31 14:30:55.544 o.a.s.e.ExecutorShutdown Thread-84 [INFO] Shut down executor splitter:[54, 54]
2020-01-31 14:30:55.544 o.a.s.e.ExecutorShutdown Thread-84 [INFO] Shutting down executor splitter:[46, 46]
2020-01-31 14:30:55.546 o.a.s.u.Utils Thread-17-splitter-executor[46, 46] [INFO] Async loop interrupted!
